--------------------------------------------------------------------------------
CPU name:	Intel(R) Core(TM) i5-7500 CPU @ 3.40GHz
CPU type:	Intel Coffeelake processor
CPU clock:	3.41 GHz
--------------------------------------------------------------------------------
--------------------------------------------------------------------------------
STRUCT,Info,3
CPU name:,Intel(R) Core(TM) i5-7500 CPU @ 3.40GHz,
CPU type:,Intel Coffeelake processor,
CPU clock:,3.408031851 GHz,
TABLE,Region ITERACAO_METODO,Group 1 Raw,FLOPS_AVX,5
Region Info,Core 3,
RDTSC Runtime [s],0.003608,
call count,1,
Event,Counter,Core 3
INSTR_RETIRED_ANY,FIXC0,16581340
CPU_CLK_UNHALTED_CORE,FIXC1,13499450
CPU_CLK_UNHALTED_REF,FIXC2,12139150
FP_ARITH_INST_RETIRED_256B_PACKED_SINGLE,PMC0,0
FP_ARITH_INST_RETIRED_256B_PACKED_DOUBLE,PMC1,1272000
TABLE,Region ITERACAO_METODO,Group 1 Metric,FLOPS_AVX,6
Metric,Core 3,
Runtime (RDTSC) [s],0.0036,
Runtime unhalted [s],0.0040,
Clock [MHz],3789.9322,
CPI,0.8141,
Packed SP MFLOP/s,0,
Packed DP MFLOP/s,1410.0202,
STRUCT,Info,3
CPU name:,Intel(R) Core(TM) i5-7500 CPU @ 3.40GHz,
CPU type:,Intel Coffeelake processor,
CPU clock:,3.408031851 GHz,
TABLE,Region CALCULA_RESIDUO,Group 1 Raw,FLOPS_AVX,5
Region Info,Core 3,
RDTSC Runtime [s],0.000011,
call count,1,
Event,Counter,Core 3
INSTR_RETIRED_ANY,FIXC0,54657
CPU_CLK_UNHALTED_CORE,FIXC1,52181
CPU_CLK_UNHALTED_REF,FIXC2,47002
FP_ARITH_INST_RETIRED_256B_PACKED_SINGLE,PMC0,0
FP_ARITH_INST_RETIRED_256B_PACKED_DOUBLE,PMC1,4096
TABLE,Region CALCULA_RESIDUO,Group 1 Metric,FLOPS_AVX,6
Metric,Core 3,
Runtime (RDTSC) [s],1.136901e-05,
Runtime unhalted [s],1.531118e-05,
Clock [MHz],3783.5520,
CPI,0.9547,
Packed SP MFLOP/s,0,
Packed DP MFLOP/s,1441.1105,
