--------------------------------------------------------------------------------
CPU name:	Intel(R) Core(TM) i5-7500 CPU @ 3.40GHz
CPU type:	Intel Coffeelake processor
CPU clock:	3.41 GHz
--------------------------------------------------------------------------------
--------------------------------------------------------------------------------
STRUCT,Info,3
CPU name:,Intel(R) Core(TM) i5-7500 CPU @ 3.40GHz,
CPU type:,Intel Coffeelake processor,
CPU clock:,3.40801758 GHz,
TABLE,Region ITERACAO_METODO,Group 1 Raw,FLOPS_DP,6
Region Info,Core 3,
RDTSC Runtime [s],0.076866,
call count,1,
Event,Counter,Core 3
INSTR_RETIRED_ANY,FIXC0,241523100
CPU_CLK_UNHALTED_CORE,FIXC1,289357200
CPU_CLK_UNHALTED_REF,FIXC2,260142300
FP_ARITH_INST_RETIRED_128B_PACKED_DOUBLE,PMC0,0
FP_ARITH_INST_RETIRED_SCALAR_DOUBLE,PMC1,79258810
FP_ARITH_INST_RETIRED_256B_PACKED_DOUBLE,PMC2,19833600
TABLE,Region ITERACAO_METODO,Group 1 Metric,FLOPS_DP,9
Metric,Core 3,
Runtime (RDTSC) [s],0.0769,
Runtime unhalted [s],0.0849,
Clock [MHz],3790.7500,
CPI,1.1981,
DP MFLOP/s,2063.2472,
AVX DP MFLOP/s,1032.1153,
Packed MUOPS/s,258.0288,
Scalar MUOPS/s,1031.1319,
Vectorization ratio,20.0153,
STRUCT,Info,3
CPU name:,Intel(R) Core(TM) i5-7500 CPU @ 3.40GHz,
CPU type:,Intel Coffeelake processor,
CPU clock:,3.40801758 GHz,
TABLE,Region CALCULA_RESIDUO,Group 1 Raw,FLOPS_DP,6
Region Info,Core 3,
RDTSC Runtime [s],0.000253,
call count,1,
Event,Counter,Core 3
INSTR_RETIRED_ANY,FIXC0,797787
CPU_CLK_UNHALTED_CORE,FIXC1,971097
CPU_CLK_UNHALTED_REF,FIXC2,873016
FP_ARITH_INST_RETIRED_128B_PACKED_DOUBLE,PMC0,0
FP_ARITH_INST_RETIRED_SCALAR_DOUBLE,PMC1,262666
FP_ARITH_INST_RETIRED_256B_PACKED_DOUBLE,PMC2,65536
TABLE,Region CALCULA_RESIDUO,Group 1 Metric,FLOPS_DP,9
Metric,Core 3,
Runtime (RDTSC) [s],0.0003,
Runtime unhalted [s],0.0003,
Clock [MHz],3790.8992,
CPI,1.2172,
DP MFLOP/s,2071.4764,
AVX DP MFLOP/s,1034.7080,
Packed MUOPS/s,258.6770,
Scalar MUOPS/s,1036.7684,
Vectorization ratio,19.9682,
