--------------------------------------------------------------------------------
CPU name:	Intel(R) Core(TM) i5-7500 CPU @ 3.40GHz
CPU type:	Intel Coffeelake processor
CPU clock:	3.41 GHz
--------------------------------------------------------------------------------
--------------------------------------------------------------------------------
STRUCT,Info,3
CPU name:,Intel(R) Core(TM) i5-7500 CPU @ 3.40GHz,
CPU type:,Intel Coffeelake processor,
CPU clock:,3.407977662 GHz,
TABLE,Region ITERACAO_METODO,Group 1 Raw,FLOPS_DP,6
Region Info,Core 3,
RDTSC Runtime [s],0.000928,
call count,1,
Event,Counter,Core 3
INSTR_RETIRED_ANY,FIXC0,4877677
CPU_CLK_UNHALTED_CORE,FIXC1,3349296
CPU_CLK_UNHALTED_REF,FIXC2,3014376
FP_ARITH_INST_RETIRED_128B_PACKED_DOUBLE,PMC0,0
FP_ARITH_INST_RETIRED_SCALAR_DOUBLE,PMC1,1306810
FP_ARITH_INST_RETIRED_256B_PACKED_DOUBLE,PMC2,328800
TABLE,Region ITERACAO_METODO,Group 1 Metric,FLOPS_DP,9
Metric,Core 3,
Runtime (RDTSC) [s],0.0009,
Runtime unhalted [s],0.0010,
Clock [MHz],3786.6298,
CPI,0.6867,
DP MFLOP/s,2826.8412,
AVX DP MFLOP/s,1417.9433,
Packed MUOPS/s,354.4858,
Scalar MUOPS/s,1408.8979,
Vectorization ratio,20.1026,
STRUCT,Info,3
CPU name:,Intel(R) Core(TM) i5-7500 CPU @ 3.40GHz,
CPU type:,Intel Coffeelake processor,
CPU clock:,3.407977662 GHz,
TABLE,Region CALCULA_RESIDUO,Group 1 Raw,FLOPS_DP,6
Region Info,Core 3,
RDTSC Runtime [s],0.000003,
call count,1,
Event,Counter,Core 3
INSTR_RETIRED_ANY,FIXC0,16923
CPU_CLK_UNHALTED_CORE,FIXC1,19374
CPU_CLK_UNHALTED_REF,FIXC2,17608
FP_ARITH_INST_RETIRED_128B_PACKED_DOUBLE,PMC0,0
FP_ARITH_INST_RETIRED_SCALAR_DOUBLE,PMC1,4170
FP_ARITH_INST_RETIRED_256B_PACKED_DOUBLE,PMC2,1024
TABLE,Region CALCULA_RESIDUO,Group 1 Metric,FLOPS_DP,9
Metric,Core 3,
Runtime (RDTSC) [s],2.684831e-06,
Runtime unhalted [s],5.684896e-06,
Clock [MHz],3749.7819,
CPI,1.1448,
DP MFLOP/s,3078.7785,
AVX DP MFLOP/s,1525.6081,
Packed MUOPS/s,381.4020,
Scalar MUOPS/s,1553.1704,
Vectorization ratio,19.7151,
