--------------------------------------------------------------------------------
CPU name:	Intel(R) Core(TM) i5-7500 CPU @ 3.40GHz
CPU type:	Intel Coffeelake processor
CPU clock:	3.41 GHz
--------------------------------------------------------------------------------
--------------------------------------------------------------------------------
STRUCT,Info,3
CPU name:,Intel(R) Core(TM) i5-7500 CPU @ 3.40GHz,
CPU type:,Intel Coffeelake processor,
CPU clock:,3.408027098 GHz,
TABLE,Region ITERACAO_METODO,Group 1 Raw,FLOPS_DP,6
Region Info,Core 3,
RDTSC Runtime [s],20.544870,
call count,1,
Event,Counter,Core 3
INSTR_RETIRED_ANY,FIXC0,57679120000
CPU_CLK_UNHALTED_CORE,FIXC1,77319440000
CPU_CLK_UNHALTED_REF,FIXC2,69517640000
FP_ARITH_INST_RETIRED_128B_PACKED_DOUBLE,PMC0,0
FP_ARITH_INST_RETIRED_SCALAR_DOUBLE,PMC1,19209600000
FP_ARITH_INST_RETIRED_256B_PACKED_DOUBLE,PMC2,4802700000
TABLE,Region ITERACAO_METODO,Group 1 Metric,FLOPS_DP,9
Metric,Core 3,
Runtime (RDTSC) [s],20.5449,
Runtime unhalted [s],22.6874,
Clock [MHz],3790.5019,
CPI,1.3405,
DP MFLOP/s,1870.0727,
AVX DP MFLOP/s,935.0655,
Packed MUOPS/s,233.7664,
Scalar MUOPS/s,935.0071,
Vectorization ratio,20.0010,
STRUCT,Info,3
CPU name:,Intel(R) Core(TM) i5-7500 CPU @ 3.40GHz,
CPU type:,Intel Coffeelake processor,
CPU clock:,3.408027098 GHz,
TABLE,Region CALCULA_RESIDUO,Group 1 Raw,FLOPS_DP,6
Region Info,Core 3,
RDTSC Runtime [s],0.068475,
call count,1,
Event,Counter,Core 3
INSTR_RETIRED_ANY,FIXC0,192123700
CPU_CLK_UNHALTED_CORE,FIXC1,257596100
CPU_CLK_UNHALTED_REF,FIXC2,231595000
FP_ARITH_INST_RETIRED_128B_PACKED_DOUBLE,PMC0,0
FP_ARITH_INST_RETIRED_SCALAR_DOUBLE,PMC1,64008010
FP_ARITH_INST_RETIRED_256B_PACKED_DOUBLE,PMC2,16000000
TABLE,Region CALCULA_RESIDUO,Group 1 Metric,FLOPS_DP,9
Metric,Core 3,
Runtime (RDTSC) [s],0.0685,
Runtime unhalted [s],0.0756,
Clock [MHz],3790.6453,
CPI,1.3408,
DP MFLOP/s,1869.4181,
AVX DP MFLOP/s,934.6505,
Packed MUOPS/s,233.6626,
Scalar MUOPS/s,934.7675,
Vectorization ratio,19.9980,
