--------------------------------------------------------------------------------
CPU name:	Intel(R) Core(TM) i5-7500 CPU @ 3.40GHz
CPU type:	Intel Coffeelake processor
CPU clock:	3.41 GHz
--------------------------------------------------------------------------------
--------------------------------------------------------------------------------
STRUCT,Info,3
CPU name:,Intel(R) Core(TM) i5-7500 CPU @ 3.40GHz,
CPU type:,Intel Coffeelake processor,
CPU clock:,3.408031935 GHz,
TABLE,Region ITERACAO_METODO,Group 1 Raw,FLOPS_DP,6
Region Info,Core 3,
RDTSC Runtime [s],0.003563,
call count,1,
Event,Counter,Core 3
INSTR_RETIRED_ANY,FIXC0,16581410
CPU_CLK_UNHALTED_CORE,FIXC1,13336990
CPU_CLK_UNHALTED_REF,FIXC2,11992750
FP_ARITH_INST_RETIRED_128B_PACKED_DOUBLE,PMC0,0
FP_ARITH_INST_RETIRED_SCALAR_DOUBLE,PMC1,5070010
FP_ARITH_INST_RETIRED_256B_PACKED_DOUBLE,PMC2,1272000
TABLE,Region ITERACAO_METODO,Group 1 Metric,FLOPS_DP,9
Metric,Core 3,
Runtime (RDTSC) [s],0.0036,
Runtime unhalted [s],0.0039,
Clock [MHz],3790.0305,
CPI,0.8043,
DP MFLOP/s,2850.9103,
AVX DP MFLOP/s,1427.9796,
Packed MUOPS/s,356.9949,
Scalar MUOPS/s,1422.9306,
Vectorization ratio,20.0567,
STRUCT,Info,3
CPU name:,Intel(R) Core(TM) i5-7500 CPU @ 3.40GHz,
CPU type:,Intel Coffeelake processor,
CPU clock:,3.408031935 GHz,
TABLE,Region CALCULA_RESIDUO,Group 1 Raw,FLOPS_DP,6
Region Info,Core 3,
RDTSC Runtime [s],0.000011,
call count,1,
Event,Counter,Core 3
INSTR_RETIRED_ANY,FIXC0,54747
CPU_CLK_UNHALTED_CORE,FIXC1,51448
CPU_CLK_UNHALTED_REF,FIXC2,47144
FP_ARITH_INST_RETIRED_128B_PACKED_DOUBLE,PMC0,0
FP_ARITH_INST_RETIRED_SCALAR_DOUBLE,PMC1,16522
FP_ARITH_INST_RETIRED_256B_PACKED_DOUBLE,PMC2,4096
TABLE,Region CALCULA_RESIDUO,Group 1 Metric,FLOPS_DP,9
Metric,Core 3,
Runtime (RDTSC) [s],1.131681e-05,
Runtime unhalted [s],1.509610e-05,
Clock [MHz],3719.1674,
CPI,0.9397,
DP MFLOP/s,2907.7099,
AVX DP MFLOP/s,1447.7578,
Packed MUOPS/s,361.9395,
Scalar MUOPS/s,1459.9521,
Vectorization ratio,19.8661,
