--------------------------------------------------------------------------------
CPU name:	Intel(R) Core(TM) i5-7500 CPU @ 3.40GHz
CPU type:	Intel Coffeelake processor
CPU clock:	3.41 GHz
--------------------------------------------------------------------------------
--------------------------------------------------------------------------------
STRUCT,Info,3
CPU name:,Intel(R) Core(TM) i5-7500 CPU @ 3.40GHz,
CPU type:,Intel Coffeelake processor,
CPU clock:,3.40800889 GHz,
TABLE,Region ITERACAO_METODO,Group 1 Raw,L2CACHE,5
Region Info,Core 3,
RDTSC Runtime [s],1.267664,
call count,1,
Event,Counter,Core 3
INSTR_RETIRED_ANY,FIXC0,3620169000
CPU_CLK_UNHALTED_CORE,FIXC1,4765866000
CPU_CLK_UNHALTED_REF,FIXC2,4285214000
L2_TRANS_ALL_REQUESTS,PMC0,659770500
L2_RQSTS_MISS,PMC1,205761200
TABLE,Region ITERACAO_METODO,Group 1 Metric,L2CACHE,7
Metric,Core 3,
Runtime (RDTSC) [s],1.2677,
Runtime unhalted [s],1.3984,
Clock [MHz],3790.2690,
CPI,1.3165,
L2 request rate,0.1822,
L2 miss rate,0.0568,
L2 miss ratio,0.3119,
STRUCT,Info,3
CPU name:,Intel(R) Core(TM) i5-7500 CPU @ 3.40GHz,
CPU type:,Intel Coffeelake processor,
CPU clock:,3.40800889 GHz,
TABLE,Region CALCULA_RESIDUO,Group 1 Raw,L2CACHE,5
Region Info,Core 3,
RDTSC Runtime [s],0.004213,
call count,1,
Event,Counter,Core 3
INSTR_RETIRED_ANY,FIXC0,12033590
CPU_CLK_UNHALTED_CORE,FIXC1,15877480
CPU_CLK_UNHALTED_REF,FIXC2,14274120
L2_TRANS_ALL_REQUESTS,PMC0,2219814
L2_RQSTS_MISS,PMC1,689576
TABLE,Region CALCULA_RESIDUO,Group 1 Metric,L2CACHE,7
Metric,Core 3,
Runtime (RDTSC) [s],0.0042,
Runtime unhalted [s],0.0047,
Clock [MHz],3790.8181,
CPI,1.3194,
L2 request rate,0.1845,
L2 miss rate,0.0573,
L2 miss ratio,0.3106,
