--------------------------------------------------------------------------------
CPU name:	Intel(R) Core(TM) i5-7500 CPU @ 3.40GHz
CPU type:	Intel Coffeelake processor
CPU clock:	3.41 GHz
--------------------------------------------------------------------------------
--------------------------------------------------------------------------------
STRUCT,Info,3
CPU name:,Intel(R) Core(TM) i5-7500 CPU @ 3.40GHz,
CPU type:,Intel Coffeelake processor,
CPU clock:,3.408033693 GHz,
TABLE,Region ITERACAO_METODO,Group 1 Raw,L2CACHE,5
Region Info,Core 3,
RDTSC Runtime [s],0.309982,
call count,1,
Event,Counter,Core 3
INSTR_RETIRED_ANY,FIXC0,910349100
CPU_CLK_UNHALTED_CORE,FIXC1,1165701000
CPU_CLK_UNHALTED_REF,FIXC2,1048164000
L2_TRANS_ALL_REQUESTS,PMC0,143775900
L2_RQSTS_MISS,PMC1,50410460
TABLE,Region ITERACAO_METODO,Group 1 Metric,L2CACHE,7
Metric,Core 3,
Runtime (RDTSC) [s],0.3100,
Runtime unhalted [s],0.3420,
Clock [MHz],3790.1972,
CPI,1.2805,
L2 request rate,0.1579,
L2 miss rate,0.0554,
L2 miss ratio,0.3506,
STRUCT,Info,3
CPU name:,Intel(R) Core(TM) i5-7500 CPU @ 3.40GHz,
CPU type:,Intel Coffeelake processor,
CPU clock:,3.408033693 GHz,
TABLE,Region CALCULA_RESIDUO,Group 1 Raw,L2CACHE,5
Region Info,Core 3,
RDTSC Runtime [s],0.001020,
call count,1,
Event,Counter,Core 3
INSTR_RETIRED_ANY,FIXC0,3018589
CPU_CLK_UNHALTED_CORE,FIXC1,3882349
CPU_CLK_UNHALTED_REF,FIXC2,3489508
L2_TRANS_ALL_REQUESTS,PMC0,481119
L2_RQSTS_MISS,PMC1,167793
TABLE,Region CALCULA_RESIDUO,Group 1 Metric,L2CACHE,7
Metric,Core 3,
Runtime (RDTSC) [s],0.0010,
Runtime unhalted [s],0.0011,
Clock [MHz],3791.7025,
CPI,1.2861,
L2 request rate,0.1594,
L2 miss rate,0.0556,
L2 miss ratio,0.3488,
