--------------------------------------------------------------------------------
CPU name:	Intel(R) Core(TM) i5-7500 CPU @ 3.40GHz
CPU type:	Intel Coffeelake processor
CPU clock:	3.41 GHz
--------------------------------------------------------------------------------
--------------------------------------------------------------------------------
STRUCT,Info,3
CPU name:,Intel(R) Core(TM) i5-7500 CPU @ 3.40GHz,
CPU type:,Intel Coffeelake processor,
CPU clock:,3.408016049 GHz,
TABLE,Region ITERACAO_METODO,Group 1 Raw,L2CACHE,5
Region Info,Core 3,
RDTSC Runtime [s],0.003612,
call count,1,
Event,Counter,Core 3
INSTR_RETIRED_ANY,FIXC0,16581320
CPU_CLK_UNHALTED_CORE,FIXC1,13500080
CPU_CLK_UNHALTED_REF,FIXC2,12139150
L2_TRANS_ALL_REQUESTS,PMC0,1417090
L2_RQSTS_MISS,PMC1,268473
TABLE,Region ITERACAO_METODO,Group 1 Metric,L2CACHE,7
Metric,Core 3,
Runtime (RDTSC) [s],0.0036,
Runtime unhalted [s],0.0040,
Clock [MHz],3790.0915,
CPI,0.8142,
L2 request rate,0.0855,
L2 miss rate,0.0162,
L2 miss ratio,0.1895,
STRUCT,Info,3
CPU name:,Intel(R) Core(TM) i5-7500 CPU @ 3.40GHz,
CPU type:,Intel Coffeelake processor,
CPU clock:,3.408016049 GHz,
TABLE,Region CALCULA_RESIDUO,Group 1 Raw,L2CACHE,5
Region Info,Core 3,
RDTSC Runtime [s],0.000011,
call count,1,
Event,Counter,Core 3
INSTR_RETIRED_ANY,FIXC0,54661
CPU_CLK_UNHALTED_CORE,FIXC1,51842
CPU_CLK_UNHALTED_REF,FIXC2,46718
L2_TRANS_ALL_REQUESTS,PMC0,9214
L2_RQSTS_MISS,PMC1,3110
TABLE,Region CALCULA_RESIDUO,Group 1 Metric,L2CACHE,7
Metric,Core 3,
Runtime (RDTSC) [s],1.128451e-05,
Runtime unhalted [s],1.521178e-05,
Clock [MHz],3781.8050,
CPI,0.9484,
L2 request rate,0.1686,
L2 miss rate,0.0569,
L2 miss ratio,0.3375,
