--------------------------------------------------------------------------------
CPU name:	Intel(R) Core(TM) i5-7500 CPU @ 3.40GHz
CPU type:	Intel Coffeelake processor
CPU clock:	3.41 GHz
--------------------------------------------------------------------------------
--------------------------------------------------------------------------------
STRUCT,Info,3
CPU name:,Intel(R) Core(TM) i5-7500 CPU @ 3.40GHz,
CPU type:,Intel Coffeelake processor,
CPU clock:,3.408020122 GHz,
TABLE,Region ITERACAO_METODO,Group 1 Raw,L2CACHE,5
Region Info,Core 3,
RDTSC Runtime [s],0.076457,
call count,1,
Event,Counter,Core 3
INSTR_RETIRED_ANY,FIXC0,241523000
CPU_CLK_UNHALTED_CORE,FIXC1,289316400
CPU_CLK_UNHALTED_REF,FIXC2,260083200
L2_TRANS_ALL_REQUESTS,PMC0,33729260
L2_RQSTS_MISS,PMC1,13322540
TABLE,Region ITERACAO_METODO,Group 1 Metric,L2CACHE,7
Metric,Core 3,
Runtime (RDTSC) [s],0.0765,
Runtime unhalted [s],0.0849,
Clock [MHz],3791.0796,
CPI,1.1979,
L2 request rate,0.1397,
L2 miss rate,0.0552,
L2 miss ratio,0.3950,
STRUCT,Info,3
CPU name:,Intel(R) Core(TM) i5-7500 CPU @ 3.40GHz,
CPU type:,Intel Coffeelake processor,
CPU clock:,3.408020122 GHz,
TABLE,Region CALCULA_RESIDUO,Group 1 Raw,L2CACHE,5
Region Info,Core 3,
RDTSC Runtime [s],0.000253,
call count,1,
Event,Counter,Core 3
INSTR_RETIRED_ANY,FIXC0,797701
CPU_CLK_UNHALTED_CORE,FIXC1,968947
CPU_CLK_UNHALTED_REF,FIXC2,871170
L2_TRANS_ALL_REQUESTS,PMC0,114009
L2_RQSTS_MISS,PMC1,44726
TABLE,Region CALCULA_RESIDUO,Group 1 Metric,L2CACHE,7
Metric,Core 3,
Runtime (RDTSC) [s],0.0003,
Runtime unhalted [s],0.0003,
Clock [MHz],3790.5241,
CPI,1.2147,
L2 request rate,0.1429,
L2 miss rate,0.0561,
L2 miss ratio,0.3923,
