--------------------------------------------------------------------------------
CPU name:	Intel(R) Core(TM) i5-7500 CPU @ 3.40GHz
CPU type:	Intel Coffeelake processor
CPU clock:	3.41 GHz
--------------------------------------------------------------------------------
--------------------------------------------------------------------------------
STRUCT,Info,3
CPU name:,Intel(R) Core(TM) i5-7500 CPU @ 3.40GHz,
CPU type:,Intel Coffeelake processor,
CPU clock:,3.407995838 GHz,
TABLE,Region ITERACAO_METODO,Group 1 Raw,L2CACHE,5
Region Info,Core 3,
RDTSC Runtime [s],0.000879,
call count,1,
Event,Counter,Core 3
INSTR_RETIRED_ANY,FIXC0,4877592
CPU_CLK_UNHALTED_CORE,FIXC1,3333793
CPU_CLK_UNHALTED_REF,FIXC2,2996626
L2_TRANS_ALL_REQUESTS,PMC0,229719
L2_RQSTS_MISS,PMC1,3229
TABLE,Region ITERACAO_METODO,Group 1 Metric,L2CACHE,7
Metric,Core 3,
Runtime (RDTSC) [s],0.0009,
Runtime unhalted [s],0.0010,
Clock [MHz],3791.4483,
CPI,0.6835,
L2 request rate,0.0471,
L2 miss rate,0.0007,
L2 miss ratio,0.0141,
STRUCT,Info,3
CPU name:,Intel(R) Core(TM) i5-7500 CPU @ 3.40GHz,
CPU type:,Intel Coffeelake processor,
CPU clock:,3.407995838 GHz,
TABLE,Region CALCULA_RESIDUO,Group 1 Raw,L2CACHE,5
Region Info,Core 3,
RDTSC Runtime [s],0.000003,
call count,1,
Event,Counter,Core 3
INSTR_RETIRED_ANY,FIXC0,16837
CPU_CLK_UNHALTED_CORE,FIXC1,19489
CPU_CLK_UNHALTED_REF,FIXC2,17466
L2_TRANS_ALL_REQUESTS,PMC0,3497
L2_RQSTS_MISS,PMC1,971
TABLE,Region CALCULA_RESIDUO,Group 1 Metric,L2CACHE,7
Metric,Core 3,
Runtime (RDTSC) [s],2.667811e-06,
Runtime unhalted [s],5.718610e-06,
Clock [MHz],3802.7271,
CPI,1.1575,
L2 request rate,0.2077,
L2 miss rate,0.0577,
L2 miss ratio,0.2777,
