--------------------------------------------------------------------------------
CPU name:	Intel(R) Core(TM) i5-7500 CPU @ 3.40GHz
CPU type:	Intel Coffeelake processor
CPU clock:	3.41 GHz
--------------------------------------------------------------------------------
--------------------------------------------------------------------------------
STRUCT,Info,3
CPU name:,Intel(R) Core(TM) i5-7500 CPU @ 3.40GHz,
CPU type:,Intel Coffeelake processor,
CPU clock:,3.408030831 GHz,
TABLE,Region ITERACAO_METODO,Group 1 Raw,L3,5
Region Info,Core 3,
RDTSC Runtime [s],0.310058,
call count,1,
Event,Counter,Core 3
INSTR_RETIRED_ANY,FIXC0,910349100
CPU_CLK_UNHALTED_CORE,FIXC1,1166018000
CPU_CLK_UNHALTED_REF,FIXC2,1048453000
L2_LINES_IN_ALL,PMC0,37962340
L2_TRANS_L2_WB,PMC1,20576420
TABLE,Region ITERACAO_METODO,Group 1 Metric,L3,10
Metric,Core 3,
Runtime (RDTSC) [s],0.3101,
Runtime unhalted [s],0.3421,
Clock [MHz],3790.1797,
CPI,1.2808,
L3 load bandwidth [MBytes/s],7835.9278,
L3 load data volume [GBytes],2.4296,
L3 evict bandwidth [MBytes/s],4247.2446,
L3 evict data volume [GBytes],1.3169,
L3 bandwidth [MBytes/s],12083.1724,
L3 data volume [GBytes],3.7465,
STRUCT,Info,3
CPU name:,Intel(R) Core(TM) i5-7500 CPU @ 3.40GHz,
CPU type:,Intel Coffeelake processor,
CPU clock:,3.408030831 GHz,
TABLE,Region CALCULA_RESIDUO,Group 1 Raw,L3,5
Region Info,Core 3,
RDTSC Runtime [s],0.001019,
call count,1,
Event,Counter,Core 3
INSTR_RETIRED_ANY,FIXC0,3018605
CPU_CLK_UNHALTED_CORE,FIXC1,3878305
CPU_CLK_UNHALTED_REF,FIXC2,3486384
L2_LINES_IN_ALL,PMC0,126680
L2_TRANS_L2_WB,PMC1,56769
TABLE,Region CALCULA_RESIDUO,Group 1 Metric,L3,10
Metric,Core 3,
Runtime (RDTSC) [s],0.0010,
Runtime unhalted [s],0.0011,
Clock [MHz],3791.1438,
CPI,1.2848,
L3 load bandwidth [MBytes/s],7955.1471,
L3 load data volume [GBytes],0.0081,
L3 evict bandwidth [MBytes/s],3564.9333,
L3 evict data volume [GBytes],0.0036,
L3 bandwidth [MBytes/s],11520.0804,
L3 data volume [GBytes],0.0117,
