--------------------------------------------------------------------------------
CPU name:	Intel(R) Core(TM) i5-7500 CPU @ 3.40GHz
CPU type:	Intel Coffeelake processor
CPU clock:	3.41 GHz
--------------------------------------------------------------------------------
--------------------------------------------------------------------------------
STRUCT,Info,3
CPU name:,Intel(R) Core(TM) i5-7500 CPU @ 3.40GHz,
CPU type:,Intel Coffeelake processor,
CPU clock:,3.408031783 GHz,
TABLE,Region ITERACAO_METODO,Group 1 Raw,L3,5
Region Info,Core 3,
RDTSC Runtime [s],0.003645,
call count,1,
Event,Counter,Core 3
INSTR_RETIRED_ANY,FIXC0,16581320
CPU_CLK_UNHALTED_CORE,FIXC1,13491730
CPU_CLK_UNHALTED_REF,FIXC2,12127940
L2_LINES_IN_ALL,PMC0,210152
L2_TRANS_L2_WB,PMC1,12069
TABLE,Region ITERACAO_METODO,Group 1 Metric,L3,10
Metric,Core 3,
Runtime (RDTSC) [s],0.0036,
Runtime unhalted [s],0.0040,
Clock [MHz],3791.2658,
CPI,0.8137,
L3 load bandwidth [MBytes/s],3689.4643,
L3 load data volume [GBytes],0.0134,
L3 evict bandwidth [MBytes/s],211.8854,
L3 evict data volume [GBytes],0.0008,
L3 bandwidth [MBytes/s],3901.3497,
L3 data volume [GBytes],0.0142,
STRUCT,Info,3
CPU name:,Intel(R) Core(TM) i5-7500 CPU @ 3.40GHz,
CPU type:,Intel Coffeelake processor,
CPU clock:,3.408031783 GHz,
TABLE,Region CALCULA_RESIDUO,Group 1 Raw,L3,5
Region Info,Core 3,
RDTSC Runtime [s],0.000011,
call count,1,
Event,Counter,Core 3
INSTR_RETIRED_ANY,FIXC0,54677
CPU_CLK_UNHALTED_CORE,FIXC1,52027
CPU_CLK_UNHALTED_REF,FIXC2,46576
L2_LINES_IN_ALL,PMC0,2536
L2_TRANS_L2_WB,PMC1,299
TABLE,Region CALCULA_RESIDUO,Group 1 Metric,L3,10
Metric,Core 3,
Runtime (RDTSC) [s],1.130505e-05,
Runtime unhalted [s],1.526600e-05,
Clock [MHz],3806.8892,
CPI,0.9515,
L3 load bandwidth [MBytes/s],14356.7698,
L3 load data volume [GBytes],0.0002,
L3 evict bandwidth [MBytes/s],1692.6949,
L3 evict data volume [GBytes],1.913600e-05,
L3 bandwidth [MBytes/s],16049.4646,
L3 data volume [GBytes],0.0002,
