--------------------------------------------------------------------------------
CPU name:	Intel(R) Core(TM) i5-7500 CPU @ 3.40GHz
CPU type:	Intel Coffeelake processor
CPU clock:	3.41 GHz
--------------------------------------------------------------------------------
--------------------------------------------------------------------------------
STRUCT,Info,3
CPU name:,Intel(R) Core(TM) i5-7500 CPU @ 3.40GHz,
CPU type:,Intel Coffeelake processor,
CPU clock:,3.407979525 GHz,
TABLE,Region ITERACAO_METODO,Group 1 Raw,L3,5
Region Info,Core 3,
RDTSC Runtime [s],0.000201,
call count,1,
Event,Counter,Core 3
INSTR_RETIRED_ANY,FIXC0,1509836
CPU_CLK_UNHALTED_CORE,FIXC1,773987
CPU_CLK_UNHALTED_REF,FIXC2,696084
L2_LINES_IN_ALL,PMC0,1689
L2_TRANS_L2_WB,PMC1,132
TABLE,Region ITERACAO_METODO,Group 1 Metric,L3,10
Metric,Core 3,
Runtime (RDTSC) [s],0.0002,
Runtime unhalted [s],0.0002,
Clock [MHz],3789.3873,
CPI,0.5126,
L3 load bandwidth [MBytes/s],537.2119,
L3 load data volume [GBytes],0.0001,
L3 evict bandwidth [MBytes/s],41.9846,
L3 evict data volume [GBytes],8.448000e-06,
L3 bandwidth [MBytes/s],579.1965,
L3 data volume [GBytes],0.0001,
STRUCT,Info,3
CPU name:,Intel(R) Core(TM) i5-7500 CPU @ 3.40GHz,
CPU type:,Intel Coffeelake processor,
CPU clock:,3.407979525 GHz,
TABLE,Region CALCULA_RESIDUO,Group 1 Raw,L3,5
Region Info,Core 3,
RDTSC Runtime [s],0.000001,
call count,1,
Event,Counter,Core 3
INSTR_RETIRED_ANY,FIXC0,7157
CPU_CLK_UNHALTED_CORE,FIXC1,11639
CPU_CLK_UNHALTED_REF,FIXC2,10792
L2_LINES_IN_ALL,PMC0,572
L2_TRANS_L2_WB,PMC1,35
TABLE,Region CALCULA_RESIDUO,Group 1 Metric,L3,10
Metric,Core 3,
Runtime (RDTSC) [s],6.766396e-07,
Runtime unhalted [s],3.415220e-06,
Clock [MHz],3675.4516,
CPI,1.6262,
L3 load bandwidth [MBytes/s],54102.6567,
L3 load data volume [GBytes],3.660800e-05,
L3 evict bandwidth [MBytes/s],3310.4772,
L3 evict data volume [GBytes],2.240000e-06,
L3 bandwidth [MBytes/s],57413.1340,
L3 data volume [GBytes],3.884800e-05,
