--------------------------------------------------------------------------------
CPU name:	Intel(R) Core(TM) i5-7500 CPU @ 3.40GHz
CPU type:	Intel Coffeelake processor
CPU clock:	3.41 GHz
--------------------------------------------------------------------------------
--------------------------------------------------------------------------------
STRUCT,Info,3
CPU name:,Intel(R) Core(TM) i5-7500 CPU @ 3.40GHz,
CPU type:,Intel Coffeelake processor,
CPU clock:,3.408031819 GHz,
TABLE,Region ITERACAO_METODO,Group 1 Raw,L3,5
Region Info,Core 3,
RDTSC Runtime [s],5.113513,
call count,1,
Event,Counter,Core 3
INSTR_RETIRED_ANY,FIXC0,14439810000
CPU_CLK_UNHALTED_CORE,FIXC1,19238800000
CPU_CLK_UNHALTED_REF,FIXC2,17297680000
L2_LINES_IN_ALL,PMC0,603604800
L2_TRANS_L2_WB,PMC1,588253300
TABLE,Region ITERACAO_METODO,Group 1 Metric,L3,10
Metric,Core 3,
Runtime (RDTSC) [s],5.1135,
Runtime unhalted [s],5.6451,
Clock [MHz],3790.4761,
CPI,1.3323,
L3 load bandwidth [MBytes/s],7554.6317,
L3 load data volume [GBytes],38.6307,
L3 evict bandwidth [MBytes/s],7362.4945,
L3 evict data volume [GBytes],37.6482,
L3 bandwidth [MBytes/s],14917.1261,
L3 data volume [GBytes],76.2789,
STRUCT,Info,3
CPU name:,Intel(R) Core(TM) i5-7500 CPU @ 3.40GHz,
CPU type:,Intel Coffeelake processor,
CPU clock:,3.408031819 GHz,
TABLE,Region CALCULA_RESIDUO,Group 1 Raw,L3,5
Region Info,Core 3,
RDTSC Runtime [s],0.017030,
call count,1,
Event,Counter,Core 3
INSTR_RETIRED_ANY,FIXC0,48063610
CPU_CLK_UNHALTED_CORE,FIXC1,64125810
CPU_CLK_UNHALTED_REF,FIXC2,57652710
L2_LINES_IN_ALL,PMC0,2014159
L2_TRANS_L2_WB,PMC1,1960473
TABLE,Region CALCULA_RESIDUO,Group 1 Metric,L3,10
Metric,Core 3,
Runtime (RDTSC) [s],0.0170,
Runtime unhalted [s],0.0188,
Clock [MHz],3790.6770,
CPI,1.3342,
L3 load bandwidth [MBytes/s],7569.5497,
L3 load data volume [GBytes],0.1289,
L3 evict bandwidth [MBytes/s],7367.7886,
L3 evict data volume [GBytes],0.1255,
L3 bandwidth [MBytes/s],14937.3383,
L3 data volume [GBytes],0.2544,
