--------------------------------------------------------------------------------
CPU name:	Intel(R) Core(TM) i5-7500 CPU @ 3.40GHz
CPU type:	Intel Coffeelake processor
CPU clock:	3.41 GHz
--------------------------------------------------------------------------------
--------------------------------------------------------------------------------
STRUCT,Info,3
CPU name:,Intel(R) Core(TM) i5-7500 CPU @ 3.40GHz,
CPU type:,Intel Coffeelake processor,
CPU clock:,3.407992177 GHz,
TABLE,Region ITERACAO_METODO,Group 1 Raw,L2CACHE,5
Region Info,Core 3,
RDTSC Runtime [s],0.309889,
call count,1,
Event,Counter,Core 3
INSTR_RETIRED_ANY,FIXC0,910349100
CPU_CLK_UNHALTED_CORE,FIXC1,1165457000
CPU_CLK_UNHALTED_REF,FIXC2,1047829000
L2_TRANS_ALL_REQUESTS,PMC0,142238000
L2_RQSTS_MISS,PMC1,50380450
TABLE,Region ITERACAO_METODO,Group 1 Metric,L2CACHE,7
Metric,Core 3,
Runtime (RDTSC) [s],0.3099,
Runtime unhalted [s],0.3420,
Clock [MHz],3790.5692,
CPI,1.2802,
L2 request rate,0.1562,
L2 miss rate,0.0553,
L2 miss ratio,0.3542,
STRUCT,Info,3
CPU name:,Intel(R) Core(TM) i5-7500 CPU @ 3.40GHz,
CPU type:,Intel Coffeelake processor,
CPU clock:,3.407992177 GHz,
TABLE,Region CALCULA_RESIDUO,Group 1 Raw,L2CACHE,5
Region Info,Core 3,
RDTSC Runtime [s],0.001017,
call count,1,
Event,Counter,Core 3
INSTR_RETIRED_ANY,FIXC0,3018589
CPU_CLK_UNHALTED_CORE,FIXC1,3869969
CPU_CLK_UNHALTED_REF,FIXC2,3478006
L2_TRANS_ALL_REQUESTS,PMC0,471089
L2_RQSTS_MISS,PMC1,167620
TABLE,Region CALCULA_RESIDUO,Group 1 Metric,L2CACHE,7
Metric,Core 3,
Runtime (RDTSC) [s],0.0010,
Runtime unhalted [s],0.0011,
Clock [MHz],3792.0648,
CPI,1.2820,
L2 request rate,0.1561,
L2 miss rate,0.0555,
L2 miss ratio,0.3558,
