--------------------------------------------------------------------------------
CPU name:	Intel(R) Core(TM) i5-7500 CPU @ 3.40GHz
CPU type:	Intel Coffeelake processor
CPU clock:	3.41 GHz
--------------------------------------------------------------------------------
--------------------------------------------------------------------------------
STRUCT,Info,3
CPU name:,Intel(R) Core(TM) i5-7500 CPU @ 3.40GHz,
CPU type:,Intel Coffeelake processor,
CPU clock:,3.408023724 GHz,
TABLE,Region ITERACAO_METODO,Group 1 Raw,FLOPS_AVX,5
Region Info,Core 3,
RDTSC Runtime [s],0.003545,
call count,1,
Event,Counter,Core 3
INSTR_RETIRED_ANY,FIXC0,16581340
CPU_CLK_UNHALTED_CORE,FIXC1,13440710
CPU_CLK_UNHALTED_REF,FIXC2,12082640
FP_ARITH_INST_RETIRED_256B_PACKED_SINGLE,PMC0,0
FP_ARITH_INST_RETIRED_256B_PACKED_DOUBLE,PMC1,1272000
TABLE,Region ITERACAO_METODO,Group 1 Metric,FLOPS_AVX,6
Metric,Core 3,
Runtime (RDTSC) [s],0.0035,
Runtime unhalted [s],0.0039,
Clock [MHz],3791.0803,
CPI,0.8106,
Packed SP MFLOP/s,0,
Packed DP MFLOP/s,1435.3553,
STRUCT,Info,3
CPU name:,Intel(R) Core(TM) i5-7500 CPU @ 3.40GHz,
CPU type:,Intel Coffeelake processor,
CPU clock:,3.408023724 GHz,
TABLE,Region CALCULA_RESIDUO,Group 1 Raw,FLOPS_AVX,5
Region Info,Core 3,
RDTSC Runtime [s],0.000011,
call count,1,
Event,Counter,Core 3
INSTR_RETIRED_ANY,FIXC0,54657
CPU_CLK_UNHALTED_CORE,FIXC1,52755
CPU_CLK_UNHALTED_REF,FIXC2,47428
FP_ARITH_INST_RETIRED_256B_PACKED_SINGLE,PMC0,0
FP_ARITH_INST_RETIRED_256B_PACKED_DOUBLE,PMC1,4096
TABLE,Region CALCULA_RESIDUO,Group 1 Metric,FLOPS_AVX,6
Metric,Core 3,
Runtime (RDTSC) [s],1.127756e-05,
Runtime unhalted [s],1.547965e-05,
Clock [MHz],3790.8048,
CPI,0.9652,
Packed SP MFLOP/s,0,
Packed DP MFLOP/s,1452.7965,
