--------------------------------------------------------------------------------
CPU name:	Intel(R) Core(TM) i5-7500 CPU @ 3.40GHz
CPU type:	Intel Coffeelake processor
CPU clock:	3.41 GHz
--------------------------------------------------------------------------------
--------------------------------------------------------------------------------
STRUCT,Info,3
CPU name:,Intel(R) Core(TM) i5-7500 CPU @ 3.40GHz,
CPU type:,Intel Coffeelake processor,
CPU clock:,3.408017312 GHz,
TABLE,Region ITERACAO_METODO,Group 1 Raw,FLOPS_DP,6
Region Info,Core 3,
RDTSC Runtime [s],0.310160,
call count,1,
Event,Counter,Core 3
INSTR_RETIRED_ANY,FIXC0,910349200
CPU_CLK_UNHALTED_CORE,FIXC1,1165852000
CPU_CLK_UNHALTED_REF,FIXC2,1048303000
FP_ARITH_INST_RETIRED_128B_PACKED_DOUBLE,PMC0,0
FP_ARITH_INST_RETIRED_SCALAR_DOUBLE,PMC1,301201200
FP_ARITH_INST_RETIRED_256B_PACKED_DOUBLE,PMC2,75337500
TABLE,Region ITERACAO_METODO,Group 1 Metric,FLOPS_DP,9
Metric,Core 3,
Runtime (RDTSC) [s],0.3102,
Runtime unhalted [s],0.3421,
Clock [MHz],3790.1673,
CPI,1.2807,
DP MFLOP/s,1942.7115,
AVX DP MFLOP/s,971.5956,
Packed MUOPS/s,242.8989,
Scalar MUOPS/s,971.1159,
Vectorization ratio,20.0079,
STRUCT,Info,3
CPU name:,Intel(R) Core(TM) i5-7500 CPU @ 3.40GHz,
CPU type:,Intel Coffeelake processor,
CPU clock:,3.408017312 GHz,
TABLE,Region CALCULA_RESIDUO,Group 1 Raw,FLOPS_DP,6
Region Info,Core 3,
RDTSC Runtime [s],0.001019,
call count,1,
Event,Counter,Core 3
INSTR_RETIRED_ANY,FIXC0,3018675
CPU_CLK_UNHALTED_CORE,FIXC1,3876399
CPU_CLK_UNHALTED_REF,FIXC2,3484538
FP_ARITH_INST_RETIRED_128B_PACKED_DOUBLE,PMC0,0
FP_ARITH_INST_RETIRED_SCALAR_DOUBLE,PMC1,1001010
FP_ARITH_INST_RETIRED_256B_PACKED_DOUBLE,PMC2,250000
TABLE,Region CALCULA_RESIDUO,Group 1 Metric,FLOPS_DP,9
Metric,Core 3,
Runtime (RDTSC) [s],0.0010,
Runtime unhalted [s],0.0011,
Clock [MHz],3791.2730,
CPI,1.2841,
DP MFLOP/s,1964.5866,
AVX DP MFLOP/s,981.7975,
Packed MUOPS/s,245.4494,
Scalar MUOPS/s,982.7891,
Vectorization ratio,19.9839,
