--------------------------------------------------------------------------------
CPU name:	Intel(R) Core(TM) i5-7500 CPU @ 3.40GHz
CPU type:	Intel Coffeelake processor
CPU clock:	3.41 GHz
--------------------------------------------------------------------------------
--------------------------------------------------------------------------------
STRUCT,Info,3
CPU name:,Intel(R) Core(TM) i5-7500 CPU @ 3.40GHz,
CPU type:,Intel Coffeelake processor,
CPU clock:,3.408030963 GHz,
TABLE,Region ITERACAO_METODO,Group 1 Raw,L3,5
Region Info,Core 3,
RDTSC Runtime [s],0.309835,
call count,1,
Event,Counter,Core 3
INSTR_RETIRED_ANY,FIXC0,910349200
CPU_CLK_UNHALTED_CORE,FIXC1,1165939000
CPU_CLK_UNHALTED_REF,FIXC2,1048258000
L2_LINES_IN_ALL,PMC0,37962790
L2_TRANS_L2_WB,PMC1,13957750
TABLE,Region ITERACAO_METODO,Group 1 Metric,L3,10
Metric,Core 3,
Runtime (RDTSC) [s],0.3098,
Runtime unhalted [s],0.3421,
Clock [MHz],3790.6281,
CPI,1.2808,
L3 load bandwidth [MBytes/s],7841.6555,
L3 load data volume [GBytes],2.4296,
L3 evict bandwidth [MBytes/s],2883.1355,
L3 evict data volume [GBytes],0.8933,
L3 bandwidth [MBytes/s],10724.7910,
L3 data volume [GBytes],3.3229,
STRUCT,Info,3
CPU name:,Intel(R) Core(TM) i5-7500 CPU @ 3.40GHz,
CPU type:,Intel Coffeelake processor,
CPU clock:,3.408030963 GHz,
TABLE,Region CALCULA_RESIDUO,Group 1 Raw,L3,5
Region Info,Core 3,
RDTSC Runtime [s],0.001019,
call count,1,
Event,Counter,Core 3
INSTR_RETIRED_ANY,FIXC0,3018605
CPU_CLK_UNHALTED_CORE,FIXC1,3877546
CPU_CLK_UNHALTED_REF,FIXC2,3485674
L2_LINES_IN_ALL,PMC0,126772
L2_TRANS_L2_WB,PMC1,45361
TABLE,Region CALCULA_RESIDUO,Group 1 Metric,L3,10
Metric,Core 3,
Runtime (RDTSC) [s],0.0010,
Runtime unhalted [s],0.0011,
Clock [MHz],3791.1741,
CPI,1.2845,
L3 load bandwidth [MBytes/s],7962.6511,
L3 load data volume [GBytes],0.0081,
L3 evict bandwidth [MBytes/s],2849.1608,
L3 evict data volume [GBytes],0.0029,
L3 bandwidth [MBytes/s],10811.8120,
L3 data volume [GBytes],0.0110,
