--------------------------------------------------------------------------------
CPU name:	Intel(R) Core(TM) i5-7500 CPU @ 3.40GHz
CPU type:	Intel Coffeelake processor
CPU clock:	3.41 GHz
--------------------------------------------------------------------------------
--------------------------------------------------------------------------------
STRUCT,Info,3
CPU name:,Intel(R) Core(TM) i5-7500 CPU @ 3.40GHz,
CPU type:,Intel Coffeelake processor,
CPU clock:,3.408033586 GHz,
TABLE,Region op1,Group 1 Raw,L2CACHE,5
Region Info,Core 3,
RDTSC Runtime [s],0.003577,
call count,1,
Event,Counter,Core 3
INSTR_RETIRED_ANY,FIXC0,16581320
CPU_CLK_UNHALTED_CORE,FIXC1,13474740
CPU_CLK_UNHALTED_REF,FIXC2,12114020
L2_TRANS_ALL_REQUESTS,PMC0,1302636
L2_RQSTS_MISS,PMC1,221008
TABLE,Region op1,Group 1 Metric,L2CACHE,7
Metric,Core 3,
Runtime (RDTSC) [s],0.0036,
Runtime unhalted [s],0.0040,
Clock [MHz],3790.8445,
CPI,0.8126,
L2 request rate,0.0786,
L2 miss rate,0.0133,
L2 miss ratio,0.1697,
STRUCT,Info,3
CPU name:,Intel(R) Core(TM) i5-7500 CPU @ 3.40GHz,
CPU type:,Intel Coffeelake processor,
CPU clock:,3.408033586 GHz,
TABLE,Region op2,Group 1 Raw,L2CACHE,5
Region Info,Core 3,
RDTSC Runtime [s],0.000011,
call count,1,
Event,Counter,Core 3
INSTR_RETIRED_ANY,FIXC0,54661
CPU_CLK_UNHALTED_CORE,FIXC1,51709
CPU_CLK_UNHALTED_REF,FIXC2,46718
L2_TRANS_ALL_REQUESTS,PMC0,9223
L2_RQSTS_MISS,PMC1,3047
TABLE,Region op2,Group 1 Metric,L2CACHE,7
Metric,Core 3,
Runtime (RDTSC) [s],1.130446e-05,
Runtime unhalted [s],1.517268e-05,
Clock [MHz],3772.1223,
CPI,0.9460,
L2 request rate,0.1687,
L2 miss rate,0.0557,
L2 miss ratio,0.3304,
