--------------------------------------------------------------------------------
CPU name:	Intel(R) Core(TM) i5-7500 CPU @ 3.40GHz
CPU type:	Intel Coffeelake processor
CPU clock:	3.41 GHz
--------------------------------------------------------------------------------
--------------------------------------------------------------------------------
STRUCT,Info,3
CPU name:,Intel(R) Core(TM) i5-7500 CPU @ 3.40GHz,
CPU type:,Intel Coffeelake processor,
CPU clock:,3.408033993 GHz,
TABLE,Region ITERACAO_METODO,Group 1 Raw,FLOPS_AVX,5
Region Info,Core 3,
RDTSC Runtime [s],1.268190,
call count,1,
Event,Counter,Core 3
INSTR_RETIRED_ANY,FIXC0,3620169000
CPU_CLK_UNHALTED_CORE,FIXC1,4767004000
CPU_CLK_UNHALTED_REF,FIXC2,4288810000
FP_ARITH_INST_RETIRED_256B_PACKED_SINGLE,PMC0,0
FP_ARITH_INST_RETIRED_256B_PACKED_DOUBLE,PMC1,300675000
TABLE,Region ITERACAO_METODO,Group 1 Metric,FLOPS_AVX,6
Metric,Core 3,
Runtime (RDTSC) [s],1.2682,
Runtime unhalted [s],1.3988,
Clock [MHz],3788.0232,
CPI,1.3168,
Packed SP MFLOP/s,0,
Packed DP MFLOP/s,948.3595,
STRUCT,Info,3
CPU name:,Intel(R) Core(TM) i5-7500 CPU @ 3.40GHz,
CPU type:,Intel Coffeelake processor,
CPU clock:,3.408033993 GHz,
TABLE,Region CALCULA_RESIDUO,Group 1 Raw,FLOPS_AVX,5
Region Info,Core 3,
RDTSC Runtime [s],0.004215,
call count,1,
Event,Counter,Core 3
INSTR_RETIRED_ANY,FIXC0,12033590
CPU_CLK_UNHALTED_CORE,FIXC1,15883250
CPU_CLK_UNHALTED_REF,FIXC2,14280090
FP_ARITH_INST_RETIRED_256B_PACKED_SINGLE,PMC0,0
FP_ARITH_INST_RETIRED_256B_PACKED_DOUBLE,PMC1,1000000
TABLE,Region CALCULA_RESIDUO,Group 1 Metric,FLOPS_AVX,6
Metric,Core 3,
Runtime (RDTSC) [s],0.0042,
Runtime unhalted [s],0.0047,
Clock [MHz],3790.6383,
CPI,1.3199,
Packed SP MFLOP/s,0,
Packed DP MFLOP/s,948.9487,
