--------------------------------------------------------------------------------
CPU name:	Intel(R) Core(TM) i5-7500 CPU @ 3.40GHz
CPU type:	Intel Coffeelake processor
CPU clock:	3.41 GHz
--------------------------------------------------------------------------------
--------------------------------------------------------------------------------
STRUCT,Info,3
CPU name:,Intel(R) Core(TM) i5-7500 CPU @ 3.40GHz,
CPU type:,Intel Coffeelake processor,
CPU clock:,3.407635773 GHz,
TABLE,Region op1,Group 1 Raw,FLOPS_DP,6
Region Info,Core 3,
RDTSC Runtime [s],0.017399,
call count,1,
Event,Counter,Core 3
INSTR_RETIRED_ANY,FIXC0,62142340
CPU_CLK_UNHALTED_CORE,FIXC1,65372030
CPU_CLK_UNHALTED_REF,FIXC2,58775650
FP_ARITH_INST_RETIRED_128B_PACKED_DOUBLE,PMC0,0
FP_ARITH_INST_RETIRED_SCALAR_DOUBLE,PMC1,19969210
FP_ARITH_INST_RETIRED_256B_PACKED_DOUBLE,PMC2,5001600
TABLE,Region op1,Group 1 Metric,FLOPS_DP,9
Metric,Core 3,
Runtime (RDTSC) [s],0.0174,
Runtime unhalted [s],0.0192,
Clock [MHz],3790.0741,
CPI,1.0520,
DP MFLOP/s,2297.5928,
AVX DP MFLOP/s,1149.8651,
Packed MUOPS/s,287.4663,
Scalar MUOPS/s,1147.7276,
Vectorization ratio,20.0298,
STRUCT,Info,3
CPU name:,Intel(R) Core(TM) i5-7500 CPU @ 3.40GHz,
CPU type:,Intel Coffeelake processor,
CPU clock:,3.407635773 GHz,
TABLE,Region op2,Group 1 Raw,FLOPS_DP,6
Region Info,Core 3,
RDTSC Runtime [s],0.000059,
call count,1,
Event,Counter,Core 3
INSTR_RETIRED_ANY,FIXC0,204123
CPU_CLK_UNHALTED_CORE,FIXC1,235088
CPU_CLK_UNHALTED_REF,FIXC2,210870
FP_ARITH_INST_RETIRED_128B_PACKED_DOUBLE,PMC0,0
FP_ARITH_INST_RETIRED_SCALAR_DOUBLE,PMC1,65802
FP_ARITH_INST_RETIRED_256B_PACKED_DOUBLE,PMC2,16384
TABLE,Region op2,Group 1 Metric,FLOPS_DP,9
Metric,Core 3,
Runtime (RDTSC) [s],0.0001,
Runtime unhalted [s],0.0001,
Clock [MHz],3798.9960,
CPI,1.1517,
DP MFLOP/s,2215.0070,
AVX DP MFLOP/s,1105.2605,
Packed MUOPS/s,276.3151,
Scalar MUOPS/s,1109.7466,
Vectorization ratio,19.9353,
