--------------------------------------------------------------------------------
CPU name:	Intel(R) Core(TM) i5-7500 CPU @ 3.40GHz
CPU type:	Intel Coffeelake processor
CPU clock:	3.41 GHz
--------------------------------------------------------------------------------
--------------------------------------------------------------------------------
STRUCT,Info,3
CPU name:,Intel(R) Core(TM) i5-7500 CPU @ 3.40GHz,
CPU type:,Intel Coffeelake processor,
CPU clock:,3.408035548 GHz,
TABLE,Region ITERACAO_METODO,Group 1 Raw,FLOPS_DP,6
Region Info,Core 3,
RDTSC Runtime [s],1.266864,
call count,1,
Event,Counter,Core 3
INSTR_RETIRED_ANY,FIXC0,3620169000
CPU_CLK_UNHALTED_CORE,FIXC1,4765324000
CPU_CLK_UNHALTED_REF,FIXC2,4284521000
FP_ARITH_INST_RETIRED_128B_PACKED_DOUBLE,PMC0,0
FP_ARITH_INST_RETIRED_SCALAR_DOUBLE,PMC1,1202401000
FP_ARITH_INST_RETIRED_256B_PACKED_DOUBLE,PMC2,300675000
TABLE,Region ITERACAO_METODO,Group 1 Metric,FLOPS_DP,9
Metric,Core 3,
Runtime (RDTSC) [s],1.2669,
Runtime unhalted [s],1.3983,
Clock [MHz],3790.4806,
CPI,1.3163,
DP MFLOP/s,1898.4682,
AVX DP MFLOP/s,949.3521,
Packed MUOPS/s,237.3380,
Scalar MUOPS/s,949.1161,
Vectorization ratio,20.0040,
STRUCT,Info,3
CPU name:,Intel(R) Core(TM) i5-7500 CPU @ 3.40GHz,
CPU type:,Intel Coffeelake processor,
CPU clock:,3.408035548 GHz,
TABLE,Region CALCULA_RESIDUO,Group 1 Raw,FLOPS_DP,6
Region Info,Core 3,
RDTSC Runtime [s],0.004244,
call count,1,
Event,Counter,Core 3
INSTR_RETIRED_ANY,FIXC0,12033680
CPU_CLK_UNHALTED_CORE,FIXC1,15872910
CPU_CLK_UNHALTED_REF,FIXC2,14272420
FP_ARITH_INST_RETIRED_128B_PACKED_DOUBLE,PMC0,0
FP_ARITH_INST_RETIRED_SCALAR_DOUBLE,PMC1,4002010
FP_ARITH_INST_RETIRED_256B_PACKED_DOUBLE,PMC2,1000000
TABLE,Region CALCULA_RESIDUO,Group 1 Metric,FLOPS_DP,9
Metric,Core 3,
Runtime (RDTSC) [s],0.0042,
Runtime unhalted [s],0.0047,
Clock [MHz],3790.2081,
CPI,1.3190,
DP MFLOP/s,1885.3936,
AVX DP MFLOP/s,942.4600,
Packed MUOPS/s,235.6150,
Scalar MUOPS/s,942.9336,
Vectorization ratio,19.9920,
