--------------------------------------------------------------------------------
CPU name:	Intel(R) Core(TM) i5-7500 CPU @ 3.40GHz
CPU type:	Intel Coffeelake processor
CPU clock:	3.41 GHz
--------------------------------------------------------------------------------
--------------------------------------------------------------------------------
STRUCT,Info,3
CPU name:,Intel(R) Core(TM) i5-7500 CPU @ 3.40GHz,
CPU type:,Intel Coffeelake processor,
CPU clock:,3.408018783 GHz,
TABLE,Region ITERACAO_METODO,Group 1 Raw,FLOPS_AVX,5
Region Info,Core 3,
RDTSC Runtime [s],0.017445,
call count,1,
Event,Counter,Core 3
INSTR_RETIRED_ANY,FIXC0,62142270
CPU_CLK_UNHALTED_CORE,FIXC1,65406790
CPU_CLK_UNHALTED_REF,FIXC2,58809730
FP_ARITH_INST_RETIRED_256B_PACKED_SINGLE,PMC0,0
FP_ARITH_INST_RETIRED_256B_PACKED_DOUBLE,PMC1,5001600
TABLE,Region ITERACAO_METODO,Group 1 Metric,FLOPS_AVX,6
Metric,Core 3,
Runtime (RDTSC) [s],0.0174,
Runtime unhalted [s],0.0192,
Clock [MHz],3790.3178,
CPI,1.0525,
Packed SP MFLOP/s,0,
Packed DP MFLOP/s,1146.8429,
STRUCT,Info,3
CPU name:,Intel(R) Core(TM) i5-7500 CPU @ 3.40GHz,
CPU type:,Intel Coffeelake processor,
CPU clock:,3.408018783 GHz,
TABLE,Region CALCULA_RESIDUO,Group 1 Raw,FLOPS_AVX,5
Region Info,Core 3,
RDTSC Runtime [s],0.000056,
call count,1,
Event,Counter,Core 3
INSTR_RETIRED_ANY,FIXC0,204033
CPU_CLK_UNHALTED_CORE,FIXC1,223783
CPU_CLK_UNHALTED_REF,FIXC2,201214
FP_ARITH_INST_RETIRED_256B_PACKED_SINGLE,PMC0,0
FP_ARITH_INST_RETIRED_256B_PACKED_DOUBLE,PMC1,16384
TABLE,Region CALCULA_RESIDUO,Group 1 Metric,FLOPS_AVX,6
Metric,Core 3,
Runtime (RDTSC) [s],0.0001,
Runtime unhalted [s],0.0001,
Clock [MHz],3790.2764,
CPI,1.0968,
Packed SP MFLOP/s,0,
Packed DP MFLOP/s,1161.6423,
