--------------------------------------------------------------------------------
CPU name:	Intel(R) Core(TM) i5-7500 CPU @ 3.40GHz
CPU type:	Intel Coffeelake processor
CPU clock:	3.41 GHz
--------------------------------------------------------------------------------
--------------------------------------------------------------------------------
STRUCT,Info,3
CPU name:,Intel(R) Core(TM) i5-7500 CPU @ 3.40GHz,
CPU type:,Intel Coffeelake processor,
CPU clock:,3.40803415 GHz,
TABLE,Region ITERACAO_METODO,Group 1 Raw,L2CACHE,5
Region Info,Core 3,
RDTSC Runtime [s],1.267066,
call count,1,
Event,Counter,Core 3
INSTR_RETIRED_ANY,FIXC0,3620169000
CPU_CLK_UNHALTED_CORE,FIXC1,4766887000
CPU_CLK_UNHALTED_REF,FIXC2,4285902000
L2_TRANS_ALL_REQUESTS,PMC0,655806600
L2_RQSTS_MISS,PMC1,205375400
TABLE,Region ITERACAO_METODO,Group 1 Metric,L2CACHE,7
Metric,Core 3,
Runtime (RDTSC) [s],1.2671,
Runtime unhalted [s],1.3987,
Clock [MHz],3790.5005,
CPI,1.3168,
L2 request rate,0.1812,
L2 miss rate,0.0567,
L2 miss ratio,0.3132,
STRUCT,Info,3
CPU name:,Intel(R) Core(TM) i5-7500 CPU @ 3.40GHz,
CPU type:,Intel Coffeelake processor,
CPU clock:,3.40803415 GHz,
TABLE,Region CALCULA_RESIDUO,Group 1 Raw,L2CACHE,5
Region Info,Core 3,
RDTSC Runtime [s],0.004215,
call count,1,
Event,Counter,Core 3
INSTR_RETIRED_ANY,FIXC0,12033590
CPU_CLK_UNHALTED_CORE,FIXC1,15884820
CPU_CLK_UNHALTED_REF,FIXC2,14281650
L2_TRANS_ALL_REQUESTS,PMC0,2210565
L2_RQSTS_MISS,PMC1,689054
TABLE,Region CALCULA_RESIDUO,Group 1 Metric,L2CACHE,7
Metric,Core 3,
Runtime (RDTSC) [s],0.0042,
Runtime unhalted [s],0.0047,
Clock [MHz],3790.5991,
CPI,1.3200,
L2 request rate,0.1837,
L2 miss rate,0.0573,
L2 miss ratio,0.3117,
