--------------------------------------------------------------------------------
CPU name:	Intel(R) Core(TM) i5-7500 CPU @ 3.40GHz
CPU type:	Intel Coffeelake processor
CPU clock:	3.41 GHz
--------------------------------------------------------------------------------
--------------------------------------------------------------------------------
STRUCT,Info,3
CPU name:,Intel(R) Core(TM) i5-7500 CPU @ 3.40GHz,
CPU type:,Intel Coffeelake processor,
CPU clock:,3.408022417 GHz,
TABLE,Region op1,Group 1 Raw,L3,5
Region Info,Core 3,
RDTSC Runtime [s],0.000201,
call count,1,
Event,Counter,Core 3
INSTR_RETIRED_ANY,FIXC0,1509836
CPU_CLK_UNHALTED_CORE,FIXC1,774960
CPU_CLK_UNHALTED_REF,FIXC2,696794
L2_LINES_IN_ALL,PMC0,1790
L2_TRANS_L2_WB,PMC1,146
TABLE,Region op1,Group 1 Metric,L3,10
Metric,Core 3,
Runtime (RDTSC) [s],0.0002,
Runtime unhalted [s],0.0002,
Clock [MHz],3790.3327,
CPI,0.5133,
L3 load bandwidth [MBytes/s],568.6048,
L3 load data volume [GBytes],0.0001,
L3 evict bandwidth [MBytes/s],46.3778,
L3 evict data volume [GBytes],9.344000e-06,
L3 bandwidth [MBytes/s],614.9827,
L3 data volume [GBytes],0.0001,
STRUCT,Info,3
CPU name:,Intel(R) Core(TM) i5-7500 CPU @ 3.40GHz,
CPU type:,Intel Coffeelake processor,
CPU clock:,3.408022417 GHz,
TABLE,Region op2,Group 1 Raw,L3,5
Region Info,Core 3,
RDTSC Runtime [s],0.000001,
call count,1,
Event,Counter,Core 3
INSTR_RETIRED_ANY,FIXC0,7157
CPU_CLK_UNHALTED_CORE,FIXC1,11502
CPU_CLK_UNHALTED_REF,FIXC2,9940
L2_LINES_IN_ALL,PMC0,565
L2_TRANS_L2_WB,PMC1,52
TABLE,Region op2,Group 1 Metric,L3,10
Metric,Core 3,
Runtime (RDTSC) [s],6.602043e-07,
Runtime unhalted [s],3.374978e-06,
Clock [MHz],3943.5688,
CPI,1.6071,
L3 load bandwidth [MBytes/s],54770.9247,
L3 load data volume [GBytes],3.616000e-05,
L3 evict bandwidth [MBytes/s],5040.8639,
L3 evict data volume [GBytes],3.328000e-06,
L3 bandwidth [MBytes/s],59811.7886,
L3 data volume [GBytes],3.948800e-05,
