--------------------------------------------------------------------------------
CPU name:	Intel(R) Core(TM) i5-7500 CPU @ 3.40GHz
CPU type:	Intel Coffeelake processor
CPU clock:	3.41 GHz
--------------------------------------------------------------------------------
--------------------------------------------------------------------------------
STRUCT,Info,3
CPU name:,Intel(R) Core(TM) i5-7500 CPU @ 3.40GHz,
CPU type:,Intel Coffeelake processor,
CPU clock:,3.408017804 GHz,
TABLE,Region ITERACAO_METODO,Group 1 Raw,L2CACHE,5
Region Info,Core 3,
RDTSC Runtime [s],0.000200,
call count,1,
Event,Counter,Core 3
INSTR_RETIRED_ANY,FIXC0,1509831
CPU_CLK_UNHALTED_CORE,FIXC1,769120
CPU_CLK_UNHALTED_REF,FIXC2,691682
L2_TRANS_ALL_REQUESTS,PMC0,5676
L2_RQSTS_MISS,PMC1,1857
TABLE,Region ITERACAO_METODO,Group 1 Metric,L2CACHE,7
Metric,Core 3,
Runtime (RDTSC) [s],0.0002,
Runtime unhalted [s],0.0002,
Clock [MHz],3789.5661,
CPI,0.5094,
L2 request rate,0.0038,
L2 miss rate,0.0012,
L2 miss ratio,0.3272,
STRUCT,Info,3
CPU name:,Intel(R) Core(TM) i5-7500 CPU @ 3.40GHz,
CPU type:,Intel Coffeelake processor,
CPU clock:,3.408017804 GHz,
TABLE,Region CALCULA_RESIDUO,Group 1 Raw,L2CACHE,5
Region Info,Core 3,
RDTSC Runtime [s],0.000001,
call count,1,
Event,Counter,Core 3
INSTR_RETIRED_ANY,FIXC0,7141
CPU_CLK_UNHALTED_CORE,FIXC1,12032
CPU_CLK_UNHALTED_REF,FIXC2,10650
L2_TRANS_ALL_REQUESTS,PMC0,2345
L2_RQSTS_MISS,PMC1,803
TABLE,Region CALCULA_RESIDUO,Group 1 Metric,L2CACHE,7
Metric,Core 3,
Runtime (RDTSC) [s],6.590309e-07,
Runtime unhalted [s],3.530498e-06,
Clock [MHz],3850.2601,
CPI,1.6849,
L2 request rate,0.3284,
L2 miss rate,0.1124,
L2 miss ratio,0.3424,
