--------------------------------------------------------------------------------
CPU name:	Intel(R) Core(TM) i5-7500 CPU @ 3.40GHz
CPU type:	Intel Coffeelake processor
CPU clock:	3.41 GHz
--------------------------------------------------------------------------------
--------------------------------------------------------------------------------
STRUCT,Info,3
CPU name:,Intel(R) Core(TM) i5-7500 CPU @ 3.40GHz,
CPU type:,Intel Coffeelake processor,
CPU clock:,3.408029036 GHz,
TABLE,Region ITERACAO_METODO,Group 1 Raw,FLOPS_DP,6
Region Info,Core 3,
RDTSC Runtime [s],0.000202,
call count,1,
Event,Counter,Core 3
INSTR_RETIRED_ANY,FIXC0,1509916
CPU_CLK_UNHALTED_CORE,FIXC1,776407
CPU_CLK_UNHALTED_REF,FIXC2,698214
FP_ARITH_INST_RETIRED_128B_PACKED_DOUBLE,PMC0,0
FP_ARITH_INST_RETIRED_SCALAR_DOUBLE,PMC1,346810
FP_ARITH_INST_RETIRED_256B_PACKED_DOUBLE,PMC2,87600
TABLE,Region ITERACAO_METODO,Group 1 Metric,FLOPS_DP,9
Metric,Core 3,
Runtime (RDTSC) [s],0.0002,
Runtime unhalted [s],0.0002,
Clock [MHz],3789.6943,
CPI,0.5142,
DP MFLOP/s,3454.4401,
AVX DP MFLOP/s,1736.1137,
Packed MUOPS/s,434.0284,
Scalar MUOPS/s,1718.3265,
Vectorization ratio,20.1653,
STRUCT,Info,3
CPU name:,Intel(R) Core(TM) i5-7500 CPU @ 3.40GHz,
CPU type:,Intel Coffeelake processor,
CPU clock:,3.408029036 GHz,
TABLE,Region CALCULA_RESIDUO,Group 1 Raw,FLOPS_DP,6
Region Info,Core 3,
RDTSC Runtime [s],0.000001,
call count,1,
Event,Counter,Core 3
INSTR_RETIRED_ANY,FIXC0,7227
CPU_CLK_UNHALTED_CORE,FIXC1,11054
CPU_CLK_UNHALTED_REF,FIXC2,9798
FP_ARITH_INST_RETIRED_128B_PACKED_DOUBLE,PMC0,0
FP_ARITH_INST_RETIRED_SCALAR_DOUBLE,PMC1,1066
FP_ARITH_INST_RETIRED_256B_PACKED_DOUBLE,PMC2,256
TABLE,Region CALCULA_RESIDUO,Group 1 Metric,FLOPS_DP,9
Metric,Core 3,
Runtime (RDTSC) [s],6.437729e-07,
Runtime unhalted [s],3.243517e-06,
Clock [MHz],3844.9023,
CPI,1.5295,
DP MFLOP/s,3246.4865,
AVX DP MFLOP/s,1590.6230,
Packed MUOPS/s,397.6558,
Scalar MUOPS/s,1655.8634,
Vectorization ratio,19.3646,
