--------------------------------------------------------------------------------
CPU name:	Intel(R) Core(TM) i5-7500 CPU @ 3.40GHz
CPU type:	Intel Coffeelake processor
CPU clock:	3.41 GHz
--------------------------------------------------------------------------------
--------------------------------------------------------------------------------
STRUCT,Info,3
CPU name:,Intel(R) Core(TM) i5-7500 CPU @ 3.40GHz,
CPU type:,Intel Coffeelake processor,
CPU clock:,3.40800817 GHz,
TABLE,Region op1,Group 1 Raw,L3,5
Region Info,Core 3,
RDTSC Runtime [s],5.114951,
call count,1,
Event,Counter,Core 3
INSTR_RETIRED_ANY,FIXC0,14439810000
CPU_CLK_UNHALTED_CORE,FIXC1,19239580000
CPU_CLK_UNHALTED_REF,FIXC2,17303900000
L2_LINES_IN_ALL,PMC0,604137100
L2_TRANS_L2_WB,PMC1,587705100
TABLE,Region op1,Group 1 Metric,L3,10
Metric,Core 3,
Runtime (RDTSC) [s],5.1150,
Runtime unhalted [s],5.6454,
Clock [MHz],3789.2409,
CPI,1.3324,
L3 load bandwidth [MBytes/s],7559.1681,
L3 load data volume [GBytes],38.6648,
L3 evict bandwidth [MBytes/s],7353.5653,
L3 evict data volume [GBytes],37.6131,
L3 bandwidth [MBytes/s],14912.7334,
L3 data volume [GBytes],76.2779,
STRUCT,Info,3
CPU name:,Intel(R) Core(TM) i5-7500 CPU @ 3.40GHz,
CPU type:,Intel Coffeelake processor,
CPU clock:,3.40800817 GHz,
TABLE,Region op2,Group 1 Raw,L3,5
Region Info,Core 3,
RDTSC Runtime [s],0.017030,
call count,1,
Event,Counter,Core 3
INSTR_RETIRED_ANY,FIXC0,48063610
CPU_CLK_UNHALTED_CORE,FIXC1,64129710
CPU_CLK_UNHALTED_REF,FIXC2,57655690
L2_LINES_IN_ALL,PMC0,2013787
L2_TRANS_L2_WB,PMC1,1960090
TABLE,Region op2,Group 1 Metric,L3,10
Metric,Core 3,
Runtime (RDTSC) [s],0.0170,
Runtime unhalted [s],0.0188,
Clock [MHz],3790.6853,
CPI,1.3343,
L3 load bandwidth [MBytes/s],7568.1783,
L3 load data volume [GBytes],0.1289,
L3 evict bandwidth [MBytes/s],7366.3752,
L3 evict data volume [GBytes],0.1254,
L3 bandwidth [MBytes/s],14934.5535,
L3 data volume [GBytes],0.2543,
