--------------------------------------------------------------------------------
CPU name:	Intel(R) Core(TM) i5-7500 CPU @ 3.40GHz
CPU type:	Intel Coffeelake processor
CPU clock:	3.41 GHz
--------------------------------------------------------------------------------
--------------------------------------------------------------------------------
STRUCT,Info,3
CPU name:,Intel(R) Core(TM) i5-7500 CPU @ 3.40GHz,
CPU type:,Intel Coffeelake processor,
CPU clock:,3.408028673 GHz,
TABLE,Region ITERACAO_METODO,Group 1 Raw,FLOPS_DP,6
Region Info,Core 3,
RDTSC Runtime [s],5.108393,
call count,1,
Event,Counter,Core 3
INSTR_RETIRED_ANY,FIXC0,14439810000
CPU_CLK_UNHALTED_CORE,FIXC1,19234650000
CPU_CLK_UNHALTED_REF,FIXC2,17294060000
FP_ARITH_INST_RETIRED_128B_PACKED_DOUBLE,PMC0,0
FP_ARITH_INST_RETIRED_SCALAR_DOUBLE,PMC1,4804801000
FP_ARITH_INST_RETIRED_256B_PACKED_DOUBLE,PMC2,1201350000
TABLE,Region ITERACAO_METODO,Group 1 Metric,FLOPS_DP,9
Metric,Core 3,
Runtime (RDTSC) [s],5.1084,
Runtime unhalted [s],5.6439,
Clock [MHz],3790.4482,
CPI,1.3321,
DP MFLOP/s,1881.2572,
AVX DP MFLOP/s,940.6872,
Packed MUOPS/s,235.1718,
Scalar MUOPS/s,940.5700,
Vectorization ratio,20.0020,
STRUCT,Info,3
CPU name:,Intel(R) Core(TM) i5-7500 CPU @ 3.40GHz,
CPU type:,Intel Coffeelake processor,
CPU clock:,3.408028673 GHz,
TABLE,Region CALCULA_RESIDUO,Group 1 Raw,FLOPS_DP,6
Region Info,Core 3,
RDTSC Runtime [s],0.017027,
call count,1,
Event,Counter,Core 3
INSTR_RETIRED_ANY,FIXC0,48063680
CPU_CLK_UNHALTED_CORE,FIXC1,64108170
CPU_CLK_UNHALTED_REF,FIXC2,57636660
FP_ARITH_INST_RETIRED_128B_PACKED_DOUBLE,PMC0,0
FP_ARITH_INST_RETIRED_SCALAR_DOUBLE,PMC1,16004010
FP_ARITH_INST_RETIRED_256B_PACKED_DOUBLE,PMC2,4000000
TABLE,Region CALCULA_RESIDUO,Group 1 Metric,FLOPS_DP,9
Metric,Core 3,
Runtime (RDTSC) [s],0.0170,
Runtime unhalted [s],0.0188,
Clock [MHz],3790.6860,
CPI,1.3338,
DP MFLOP/s,1879.6113,
AVX DP MFLOP/s,939.6879,
Packed MUOPS/s,234.9220,
Scalar MUOPS/s,939.9234,
Vectorization ratio,19.9960,
