--------------------------------------------------------------------------------
CPU name:	Intel(R) Core(TM) i5-7500 CPU @ 3.40GHz
CPU type:	Intel Coffeelake processor
CPU clock:	3.41 GHz
--------------------------------------------------------------------------------
--------------------------------------------------------------------------------
STRUCT,Info,3
CPU name:,Intel(R) Core(TM) i5-7500 CPU @ 3.40GHz,
CPU type:,Intel Coffeelake processor,
CPU clock:,3.406240658 GHz,
TABLE,Region ITERACAO_METODO,Group 1 Raw,L2CACHE,5
Region Info,Core 3,
RDTSC Runtime [s],0.077253,
call count,1,
Event,Counter,Core 3
INSTR_RETIRED_ANY,FIXC0,241523000
CPU_CLK_UNHALTED_CORE,FIXC1,289469400
CPU_CLK_UNHALTED_REF,FIXC2,260350600
L2_TRANS_ALL_REQUESTS,PMC0,33796620
L2_RQSTS_MISS,PMC1,13330840
TABLE,Region ITERACAO_METODO,Group 1 Metric,L2CACHE,7
Metric,Core 3,
Runtime (RDTSC) [s],0.0773,
Runtime unhalted [s],0.0850,
Clock [MHz],3787.2102,
CPI,1.1985,
L2 request rate,0.1399,
L2 miss rate,0.0552,
L2 miss ratio,0.3944,
STRUCT,Info,3
CPU name:,Intel(R) Core(TM) i5-7500 CPU @ 3.40GHz,
CPU type:,Intel Coffeelake processor,
CPU clock:,3.406240658 GHz,
TABLE,Region CALCULA_RESIDUO,Group 1 Raw,L2CACHE,5
Region Info,Core 3,
RDTSC Runtime [s],0.000254,
call count,1,
Event,Counter,Core 3
INSTR_RETIRED_ANY,FIXC0,797701
CPU_CLK_UNHALTED_CORE,FIXC1,975493
CPU_CLK_UNHALTED_REF,FIXC2,877134
L2_TRANS_ALL_REQUESTS,PMC0,114567
L2_RQSTS_MISS,PMC1,44836
TABLE,Region CALCULA_RESIDUO,Group 1 Metric,L2CACHE,7
Metric,Core 3,
Runtime (RDTSC) [s],0.0003,
Runtime unhalted [s],0.0003,
Clock [MHz],3788.2056,
CPI,1.2229,
L2 request rate,0.1436,
L2 miss rate,0.0562,
L2 miss ratio,0.3914,
