--------------------------------------------------------------------------------
CPU name:	Intel(R) Core(TM) i5-7500 CPU @ 3.40GHz
CPU type:	Intel Coffeelake processor
CPU clock:	3.41 GHz
--------------------------------------------------------------------------------
--------------------------------------------------------------------------------
STRUCT,Info,3
CPU name:,Intel(R) Core(TM) i5-7500 CPU @ 3.40GHz,
CPU type:,Intel Coffeelake processor,
CPU clock:,3.40803375 GHz,
TABLE,Region ITERACAO_METODO,Group 1 Raw,FLOPS_DP,6
Region Info,Core 3,
RDTSC Runtime [s],0.077264,
call count,1,
Event,Counter,Core 3
INSTR_RETIRED_ANY,FIXC0,241523100
CPU_CLK_UNHALTED_CORE,FIXC1,289519400
CPU_CLK_UNHALTED_REF,FIXC2,260438600
FP_ARITH_INST_RETIRED_128B_PACKED_DOUBLE,PMC0,0
FP_ARITH_INST_RETIRED_SCALAR_DOUBLE,PMC1,79258810
FP_ARITH_INST_RETIRED_256B_PACKED_DOUBLE,PMC2,19833600
TABLE,Region ITERACAO_METODO,Group 1 Metric,FLOPS_DP,9
Metric,Core 3,
Runtime (RDTSC) [s],0.0773,
Runtime unhalted [s],0.0850,
Clock [MHz],3788.5778,
CPI,1.1987,
DP MFLOP/s,2052.6042,
AVX DP MFLOP/s,1026.7913,
Packed MUOPS/s,256.6978,
Scalar MUOPS/s,1025.8129,
Vectorization ratio,20.0153,
STRUCT,Info,3
CPU name:,Intel(R) Core(TM) i5-7500 CPU @ 3.40GHz,
CPU type:,Intel Coffeelake processor,
CPU clock:,3.40803375 GHz,
TABLE,Region CALCULA_RESIDUO,Group 1 Raw,FLOPS_DP,6
Region Info,Core 3,
RDTSC Runtime [s],0.000254,
call count,1,
Event,Counter,Core 3
INSTR_RETIRED_ANY,FIXC0,797787
CPU_CLK_UNHALTED_CORE,FIXC1,971933
CPU_CLK_UNHALTED_REF,FIXC2,873726
FP_ARITH_INST_RETIRED_128B_PACKED_DOUBLE,PMC0,0
FP_ARITH_INST_RETIRED_SCALAR_DOUBLE,PMC1,262666
FP_ARITH_INST_RETIRED_256B_PACKED_DOUBLE,PMC2,65536
TABLE,Region CALCULA_RESIDUO,Group 1 Metric,FLOPS_DP,9
Metric,Core 3,
Runtime (RDTSC) [s],0.0003,
Runtime unhalted [s],0.0003,
Clock [MHz],3791.0975,
CPI,1.2183,
DP MFLOP/s,2069.6955,
AVX DP MFLOP/s,1033.8184,
Packed MUOPS/s,258.4546,
Scalar MUOPS/s,1035.8771,
Vectorization ratio,19.9682,
