--------------------------------------------------------------------------------
CPU name:	Intel(R) Core(TM) i5-7500 CPU @ 3.40GHz
CPU type:	Intel Coffeelake processor
CPU clock:	3.41 GHz
--------------------------------------------------------------------------------
--------------------------------------------------------------------------------
STRUCT,Info,3
CPU name:,Intel(R) Core(TM) i5-7500 CPU @ 3.40GHz,
CPU type:,Intel Coffeelake processor,
CPU clock:,3.408003577 GHz,
TABLE,Region op1,Group 1 Raw,L3,5
Region Info,Core 3,
RDTSC Runtime [s],0.000882,
call count,1,
Event,Counter,Core 3
INSTR_RETIRED_ANY,FIXC0,4877613
CPU_CLK_UNHALTED_CORE,FIXC1,3347159
CPU_CLK_UNHALTED_REF,FIXC2,3008838
L2_LINES_IN_ALL,PMC0,3182
L2_TRANS_L2_WB,PMC1,247
TABLE,Region op1,Group 1 Metric,L3,10
Metric,Core 3,
Runtime (RDTSC) [s],0.0009,
Runtime unhalted [s],0.0010,
Clock [MHz],3791.2077,
CPI,0.6862,
L3 load bandwidth [MBytes/s],231.0180,
L3 load data volume [GBytes],0.0002,
L3 evict bandwidth [MBytes/s],17.9326,
L3 evict data volume [GBytes],1.580800e-05,
L3 bandwidth [MBytes/s],248.9505,
L3 data volume [GBytes],0.0002,
STRUCT,Info,3
CPU name:,Intel(R) Core(TM) i5-7500 CPU @ 3.40GHz,
CPU type:,Intel Coffeelake processor,
CPU clock:,3.408003577 GHz,
TABLE,Region op2,Group 1 Raw,L3,5
Region Info,Core 3,
RDTSC Runtime [s],0.000003,
call count,1,
Event,Counter,Core 3
INSTR_RETIRED_ANY,FIXC0,16853
CPU_CLK_UNHALTED_CORE,FIXC1,19434
CPU_CLK_UNHALTED_REF,FIXC2,17040
L2_LINES_IN_ALL,PMC0,966
L2_TRANS_L2_WB,PMC1,112
TABLE,Region op2,Group 1 Metric,L3,10
Metric,Core 3,
Runtime (RDTSC) [s],2.677818e-06,
Runtime unhalted [s],5.702459e-06,
Clock [MHz],3886.8041,
CPI,1.1531,
L3 load bandwidth [MBytes/s],23087.4540,
L3 load data volume [GBytes],0.0001,
L3 evict bandwidth [MBytes/s],2676.8063,
L3 evict data volume [GBytes],7.168000e-06,
L3 bandwidth [MBytes/s],25764.2603,
L3 data volume [GBytes],0.0001,
