--------------------------------------------------------------------------------
CPU name:	Intel(R) Core(TM) i5-7500 CPU @ 3.40GHz
CPU type:	Intel Coffeelake processor
CPU clock:	3.41 GHz
--------------------------------------------------------------------------------
--------------------------------------------------------------------------------
STRUCT,Info,3
CPU name:,Intel(R) Core(TM) i5-7500 CPU @ 3.40GHz,
CPU type:,Intel Coffeelake processor,
CPU clock:,3.408034557 GHz,
TABLE,Region ITERACAO_METODO,Group 1 Raw,FLOPS_AVX,5
Region Info,Core 3,
RDTSC Runtime [s],0.000870,
call count,1,
Event,Counter,Core 3
INSTR_RETIRED_ANY,FIXC0,4877633
CPU_CLK_UNHALTED_CORE,FIXC1,3305952
CPU_CLK_UNHALTED_REF,FIXC2,2972060
FP_ARITH_INST_RETIRED_256B_PACKED_SINGLE,PMC0,0
FP_ARITH_INST_RETIRED_256B_PACKED_DOUBLE,PMC1,328800
TABLE,Region ITERACAO_METODO,Group 1 Metric,FLOPS_AVX,6
Metric,Core 3,
Runtime (RDTSC) [s],0.0009,
Runtime unhalted [s],0.0010,
Clock [MHz],3790.9055,
CPI,0.6778,
Packed SP MFLOP/s,0,
Packed DP MFLOP/s,1510.8744,
STRUCT,Info,3
CPU name:,Intel(R) Core(TM) i5-7500 CPU @ 3.40GHz,
CPU type:,Intel Coffeelake processor,
CPU clock:,3.408034557 GHz,
TABLE,Region CALCULA_RESIDUO,Group 1 Raw,FLOPS_AVX,5
Region Info,Core 3,
RDTSC Runtime [s],0.000003,
call count,1,
Event,Counter,Core 3
INSTR_RETIRED_ANY,FIXC0,16833
CPU_CLK_UNHALTED_CORE,FIXC1,20237
CPU_CLK_UNHALTED_REF,FIXC2,18460
FP_ARITH_INST_RETIRED_256B_PACKED_SINGLE,PMC0,0
FP_ARITH_INST_RETIRED_256B_PACKED_DOUBLE,PMC1,1024
TABLE,Region CALCULA_RESIDUO,Group 1 Metric,FLOPS_AVX,6
Metric,Core 3,
Runtime (RDTSC) [s],2.685453e-06,
Runtime unhalted [s],5.938027e-06,
Clock [MHz],3736.0994,
CPI,1.2022,
Packed SP MFLOP/s,0,
Packed DP MFLOP/s,1525.2548,
