--------------------------------------------------------------------------------
CPU name:	Intel(R) Core(TM) i5-7500 CPU @ 3.40GHz
CPU type:	Intel Coffeelake processor
CPU clock:	3.41 GHz
--------------------------------------------------------------------------------
--------------------------------------------------------------------------------
STRUCT,Info,3
CPU name:,Intel(R) Core(TM) i5-7500 CPU @ 3.40GHz,
CPU type:,Intel Coffeelake processor,
CPU clock:,3.408036979 GHz,
TABLE,Region op1,Group 1 Raw,L3,5
Region Info,Core 3,
RDTSC Runtime [s],20.538690,
call count,1,
Event,Counter,Core 3
INSTR_RETIRED_ANY,FIXC0,57679120000
CPU_CLK_UNHALTED_CORE,FIXC1,77350280000
CPU_CLK_UNHALTED_REF,FIXC2,69552680000
L2_LINES_IN_ALL,PMC0,3055784000
L2_TRANS_L2_WB,PMC1,2389236000
TABLE,Region op1,Group 1 Metric,L3,10
Metric,Core 3,
Runtime (RDTSC) [s],20.5387,
Runtime unhalted [s],22.6964,
Clock [MHz],3790.1144,
CPI,1.3410,
L3 load bandwidth [MBytes/s],9522.0375,
L3 load data volume [GBytes],195.5702,
L3 evict bandwidth [MBytes/s],7445.0271,
L3 evict data volume [GBytes],152.9111,
L3 bandwidth [MBytes/s],16967.0646,
L3 data volume [GBytes],348.4813,
STRUCT,Info,3
CPU name:,Intel(R) Core(TM) i5-7500 CPU @ 3.40GHz,
CPU type:,Intel Coffeelake processor,
CPU clock:,3.408036979 GHz,
TABLE,Region op2,Group 1 Raw,L3,5
Region Info,Core 3,
RDTSC Runtime [s],0.068089,
call count,1,
Event,Counter,Core 3
INSTR_RETIRED_ANY,FIXC0,192123600
CPU_CLK_UNHALTED_CORE,FIXC1,257479600
CPU_CLK_UNHALTED_REF,FIXC2,231468200
L2_LINES_IN_ALL,PMC0,8031174
L2_TRANS_L2_WB,PMC1,7969237
TABLE,Region op2,Group 1 Metric,L3,10
Metric,Core 3,
Runtime (RDTSC) [s],0.0681,
Runtime unhalted [s],0.0756,
Clock [MHz],3791.0175,
CPI,1.3402,
L3 load bandwidth [MBytes/s],7548.8796,
L3 load data volume [GBytes],0.5140,
L3 evict bandwidth [MBytes/s],7490.6621,
L3 evict data volume [GBytes],0.5100,
L3 bandwidth [MBytes/s],15039.5417,
L3 data volume [GBytes],1.0240,
