--------------------------------------------------------------------------------
CPU name:	Intel(R) Core(TM) i5-7500 CPU @ 3.40GHz
CPU type:	Intel Coffeelake processor
CPU clock:	3.41 GHz
--------------------------------------------------------------------------------
Algoritmo executado com J (A:SEM, J:JACOBI) e resultados gravados no arquivo _bench/out1000FLOPS_AVX 
--------------------------------------------------------------------------------
STRUCT,Info,3
CPU name:,Intel(R) Core(TM) i5-7500 CPU @ 3.40GHz,
CPU type:,Intel Coffeelake processor,
CPU clock:,3.408030972 GHz,
TABLE,Region op1,Group 1 Raw,FLOPS_AVX,5
Region Info,Core 3,
RDTSC Runtime [s],0.095280,
call count,1,
Event,Counter,Core 3
INSTR_RETIRED_ANY,FIXC0,1596226000
CPU_CLK_UNHALTED_CORE,FIXC1,358309900
CPU_CLK_UNHALTED_REF,FIXC2,322142500
FP_ARITH_INST_RETIRED_256B_PACKED_SINGLE,PMC0,0
FP_ARITH_INST_RETIRED_256B_PACKED_DOUBLE,PMC1,0
TABLE,Region op1,Group 1 Metric,FLOPS_AVX,6
Metric,Core 3,
Runtime (RDTSC) [s],0.0953,
Runtime unhalted [s],0.1051,
Clock [MHz],3790.6555,
CPI,0.2245,
Packed SP MFLOP/s,0,
Packed DP MFLOP/s,0,
STRUCT,Info,3
CPU name:,Intel(R) Core(TM) i5-7500 CPU @ 3.40GHz,
CPU type:,Intel Coffeelake processor,
CPU clock:,3.408030972 GHz,
TABLE,Region op2,Group 1 Raw,FLOPS_AVX,5
Region Info,Core 3,
RDTSC Runtime [s],0.000725,
call count,1,
Event,Counter,Core 3
INSTR_RETIRED_ANY,FIXC0,11283270
CPU_CLK_UNHALTED_CORE,FIXC1,2759794
CPU_CLK_UNHALTED_REF,FIXC2,2480598
FP_ARITH_INST_RETIRED_256B_PACKED_SINGLE,PMC0,0
FP_ARITH_INST_RETIRED_256B_PACKED_DOUBLE,PMC1,0
TABLE,Region op2,Group 1 Metric,FLOPS_AVX,6
Metric,Core 3,
Runtime (RDTSC) [s],0.0007,
Runtime unhalted [s],0.0008,
Clock [MHz],3791.6113,
CPI,0.2446,
Packed SP MFLOP/s,0,
Packed DP MFLOP/s,0,
