--------------------------------------------------------------------------------
CPU name:	Intel(R) Core(TM) i5-7500 CPU @ 3.40GHz
CPU type:	Intel Coffeelake processor
CPU clock:	3.41 GHz
--------------------------------------------------------------------------------
Algoritmo executado com J (A:SEM, J:JACOBI) e resultados gravados no arquivo _bench/out128FLOPS_DP 
--------------------------------------------------------------------------------
STRUCT,Info,3
CPU name:,Intel(R) Core(TM) i5-7500 CPU @ 3.40GHz,
CPU type:,Intel Coffeelake processor,
CPU clock:,3.408032218 GHz,
TABLE,Region op1,Group 1 Raw,FLOPS_DP,6
Region Info,Core 3,
RDTSC Runtime [s],0.001761,
call count,1,
Event,Counter,Core 3
INSTR_RETIRED_ANY,FIXC0,27909050
CPU_CLK_UNHALTED_CORE,FIXC1,6683235
CPU_CLK_UNHALTED_REF,FIXC2,6007594
FP_ARITH_INST_RETIRED_128B_PACKED_DOUBLE,PMC0,0
FP_ARITH_INST_RETIRED_SCALAR_DOUBLE,PMC1,5165044
FP_ARITH_INST_RETIRED_256B_PACKED_DOUBLE,PMC2,0
TABLE,Region op1,Group 1 Metric,FLOPS_DP,9
Metric,Core 3,
Runtime (RDTSC) [s],0.0018,
Runtime unhalted [s],0.0020,
Clock [MHz],3791.3148,
CPI,0.2395,
DP MFLOP/s,2932.5397,
AVX DP MFLOP/s,0,
Packed MUOPS/s,0,
Scalar MUOPS/s,2932.5397,
Vectorization ratio,0,
STRUCT,Info,3
CPU name:,Intel(R) Core(TM) i5-7500 CPU @ 3.40GHz,
CPU type:,Intel Coffeelake processor,
CPU clock:,3.408032218 GHz,
TABLE,Region op2,Group 1 Raw,FLOPS_DP,6
Region Info,Core 3,
RDTSC Runtime [s],0.000014,
call count,1,
Event,Counter,Core 3
INSTR_RETIRED_ANY,FIXC0,191840
CPU_CLK_UNHALTED_CORE,FIXC1,60631
CPU_CLK_UNHALTED_REF,FIXC2,54386
FP_ARITH_INST_RETIRED_128B_PACKED_DOUBLE,PMC0,0
FP_ARITH_INST_RETIRED_SCALAR_DOUBLE,PMC1,33035
FP_ARITH_INST_RETIRED_256B_PACKED_DOUBLE,PMC2,0
TABLE,Region op2,Group 1 Metric,FLOPS_DP,9
Metric,Core 3,
Runtime (RDTSC) [s],1.350925e-05,
Runtime unhalted [s],1.779062e-05,
Clock [MHz],3799.3675,
CPI,0.3160,
DP MFLOP/s,2445.3615,
AVX DP MFLOP/s,0,
Packed MUOPS/s,0,
Scalar MUOPS/s,2445.3615,
Vectorization ratio,0,
