--------------------------------------------------------------------------------
CPU name:	Intel(R) Core(TM) i5-7500 CPU @ 3.40GHz
CPU type:	Intel Coffeelake processor
CPU clock:	3.41 GHz
--------------------------------------------------------------------------------
Algoritmo executado com J (A:SEM, J:JACOBI) e resultados gravados no arquivo _bench/out128FLOPS_AVX 
--------------------------------------------------------------------------------
STRUCT,Info,3
CPU name:,Intel(R) Core(TM) i5-7500 CPU @ 3.40GHz,
CPU type:,Intel Coffeelake processor,
CPU clock:,3.40803624 GHz,
TABLE,Region op1,Group 1 Raw,FLOPS_AVX,5
Region Info,Core 3,
RDTSC Runtime [s],0.001821,
call count,1,
Event,Counter,Core 3
INSTR_RETIRED_ANY,FIXC0,27908960
CPU_CLK_UNHALTED_CORE,FIXC1,6694790
CPU_CLK_UNHALTED_REF,FIXC2,6022504
FP_ARITH_INST_RETIRED_256B_PACKED_SINGLE,PMC0,0
FP_ARITH_INST_RETIRED_256B_PACKED_DOUBLE,PMC1,0
TABLE,Region op1,Group 1 Metric,FLOPS_AVX,6
Metric,Core 3,
Runtime (RDTSC) [s],0.0018,
Runtime unhalted [s],0.0020,
Clock [MHz],3788.4719,
CPI,0.2399,
Packed SP MFLOP/s,0,
Packed DP MFLOP/s,0,
STRUCT,Info,3
CPU name:,Intel(R) Core(TM) i5-7500 CPU @ 3.40GHz,
CPU type:,Intel Coffeelake processor,
CPU clock:,3.40803624 GHz,
TABLE,Region op2,Group 1 Raw,FLOPS_AVX,5
Region Info,Core 3,
RDTSC Runtime [s],0.000014,
call count,1,
Event,Counter,Core 3
INSTR_RETIRED_ANY,FIXC0,191754
CPU_CLK_UNHALTED_CORE,FIXC1,60354
CPU_CLK_UNHALTED_REF,FIXC2,54244
FP_ARITH_INST_RETIRED_256B_PACKED_SINGLE,PMC0,0
FP_ARITH_INST_RETIRED_256B_PACKED_DOUBLE,PMC1,0
TABLE,Region op2,Group 1 Metric,FLOPS_AVX,6
Metric,Core 3,
Runtime (RDTSC) [s],1.355339e-05,
Runtime unhalted [s],1.770932e-05,
Clock [MHz],3791.9147,
CPI,0.3147,
Packed SP MFLOP/s,0,
Packed DP MFLOP/s,0,
