--------------------------------------------------------------------------------
CPU name:	Intel(R) Core(TM) i5-7500 CPU @ 3.40GHz
CPU type:	Intel Coffeelake processor
CPU clock:	3.41 GHz
--------------------------------------------------------------------------------
Algoritmo executado com J (A:SEM, J:JACOBI) e resultados gravados no arquivo _bench/out256FLOPS_DP 
--------------------------------------------------------------------------------
STRUCT,Info,3
CPU name:,Intel(R) Core(TM) i5-7500 CPU @ 3.40GHz,
CPU type:,Intel Coffeelake processor,
CPU clock:,3.408036961 GHz,
TABLE,Region op1,Group 1 Raw,FLOPS_DP,6
Region Info,Core 3,
RDTSC Runtime [s],0.006597,
call count,1,
Event,Counter,Core 3
INSTR_RETIRED_ANY,FIXC0,107276500
CPU_CLK_UNHALTED_CORE,FIXC1,24638420
CPU_CLK_UNHALTED_REF,FIXC2,22148310
FP_ARITH_INST_RETIRED_128B_PACKED_DOUBLE,PMC0,0
FP_ARITH_INST_RETIRED_SCALAR_DOUBLE,PMC1,20160310
FP_ARITH_INST_RETIRED_256B_PACKED_DOUBLE,PMC2,0
TABLE,Region op1,Group 1 Metric,FLOPS_DP,9
Metric,Core 3,
Runtime (RDTSC) [s],0.0066,
Runtime unhalted [s],0.0072,
Clock [MHz],3791.1988,
CPI,0.2297,
DP MFLOP/s,3055.9514,
AVX DP MFLOP/s,0,
Packed MUOPS/s,0,
Scalar MUOPS/s,3055.9514,
Vectorization ratio,0,
STRUCT,Info,3
CPU name:,Intel(R) Core(TM) i5-7500 CPU @ 3.40GHz,
CPU type:,Intel Coffeelake processor,
CPU clock:,3.408036961 GHz,
TABLE,Region op2,Group 1 Raw,FLOPS_DP,6
Region Info,Core 3,
RDTSC Runtime [s],0.000050,
call count,1,
Event,Counter,Core 3
INSTR_RETIRED_ANY,FIXC0,748712
CPU_CLK_UNHALTED_CORE,FIXC1,196759
CPU_CLK_UNHALTED_REF,FIXC2,177358
FP_ARITH_INST_RETIRED_128B_PACKED_DOUBLE,PMC0,0
FP_ARITH_INST_RETIRED_SCALAR_DOUBLE,PMC1,131595
FP_ARITH_INST_RETIRED_256B_PACKED_DOUBLE,PMC2,0
TABLE,Region op2,Group 1 Metric,FLOPS_DP,9
Metric,Core 3,
Runtime (RDTSC) [s],4.955580e-05,
Runtime unhalted [s],0.0001,
Clock [MHz],3780.8384,
CPI,0.2628,
DP MFLOP/s,2655.4914,
AVX DP MFLOP/s,0,
Packed MUOPS/s,0,
Scalar MUOPS/s,2655.4914,
Vectorization ratio,0,
