--------------------------------------------------------------------------------
CPU name:	Intel(R) Core(TM) i5-7500 CPU @ 3.40GHz
CPU type:	Intel Coffeelake processor
CPU clock:	3.41 GHz
--------------------------------------------------------------------------------
Algoritmo executado com J (A:SEM, J:JACOBI) e resultados gravados no arquivo _bench/out4000FLOPS_DP 
--------------------------------------------------------------------------------
STRUCT,Info,3
CPU name:,Intel(R) Core(TM) i5-7500 CPU @ 3.40GHz,
CPU type:,Intel Coffeelake processor,
CPU clock:,3.4080372 GHz,
TABLE,Region op1,Group 1 Raw,FLOPS_DP,6
Region Info,Core 3,
RDTSC Runtime [s],1.507539,
call count,1,
Event,Counter,Core 3
INSTR_RETIRED_ANY,FIXC0,25396100000
CPU_CLK_UNHALTED_CORE,FIXC1,5673763000
CPU_CLK_UNHALTED_REF,FIXC2,5101117000
FP_ARITH_INST_RETIRED_128B_PACKED_DOUBLE,PMC0,0
FP_ARITH_INST_RETIRED_SCALAR_DOUBLE,PMC1,4807800000
FP_ARITH_INST_RETIRED_256B_PACKED_DOUBLE,PMC2,0
TABLE,Region op1,Group 1 Metric,FLOPS_DP,9
Metric,Core 3,
Runtime (RDTSC) [s],1.5075,
Runtime unhalted [s],1.6648,
Clock [MHz],3790.6199,
CPI,0.2234,
DP MFLOP/s,3189.1712,
AVX DP MFLOP/s,0,
Packed MUOPS/s,0,
Scalar MUOPS/s,3189.1712,
Vectorization ratio,0,
STRUCT,Info,3
CPU name:,Intel(R) Core(TM) i5-7500 CPU @ 3.40GHz,
CPU type:,Intel Coffeelake processor,
CPU clock:,3.4080372 GHz,
TABLE,Region op2,Group 1 Raw,FLOPS_DP,6
Region Info,Core 3,
RDTSC Runtime [s],0.011622,
call count,1,
Event,Counter,Core 3
INSTR_RETIRED_ANY,FIXC0,180122600
CPU_CLK_UNHALTED_CORE,FIXC1,43748420
CPU_CLK_UNHALTED_REF,FIXC2,39331440
FP_ARITH_INST_RETIRED_128B_PACKED_DOUBLE,PMC0,0
FP_ARITH_INST_RETIRED_SCALAR_DOUBLE,PMC1,32008010
FP_ARITH_INST_RETIRED_256B_PACKED_DOUBLE,PMC2,0
TABLE,Region op2,Group 1 Metric,FLOPS_DP,9
Metric,Core 3,
Runtime (RDTSC) [s],0.0116,
Runtime unhalted [s],0.0128,
Clock [MHz],3790.7649,
CPI,0.2429,
DP MFLOP/s,2754.1804,
AVX DP MFLOP/s,0,
Packed MUOPS/s,0,
Scalar MUOPS/s,2754.1804,
Vectorization ratio,0,
