--------------------------------------------------------------------------------
CPU name:	Intel(R) Core(TM) i5-7500 CPU @ 3.40GHz
CPU type:	Intel Coffeelake processor
CPU clock:	3.41 GHz
--------------------------------------------------------------------------------
Algoritmo executado com J (A:SEM, J:JACOBI) e resultados gravados no arquivo _bench/out512FLOPS_DP 
--------------------------------------------------------------------------------
STRUCT,Info,3
CPU name:,Intel(R) Core(TM) i5-7500 CPU @ 3.40GHz,
CPU type:,Intel Coffeelake processor,
CPU clock:,3.408033612 GHz,
TABLE,Region op1,Group 1 Raw,FLOPS_DP,6
Region Info,Core 3,
RDTSC Runtime [s],0.025614,
call count,1,
Event,Counter,Core 3
INSTR_RETIRED_ANY,FIXC0,421626300
CPU_CLK_UNHALTED_CORE,FIXC1,95966690
CPU_CLK_UNHALTED_REF,FIXC2,86277780
FP_ARITH_INST_RETIRED_128B_PACKED_DOUBLE,PMC0,0
FP_ARITH_INST_RETIRED_SCALAR_DOUBLE,PMC1,79641910
FP_ARITH_INST_RETIRED_256B_PACKED_DOUBLE,PMC2,0
TABLE,Region op1,Group 1 Metric,FLOPS_DP,9
Metric,Core 3,
Runtime (RDTSC) [s],0.0256,
Runtime unhalted [s],0.0282,
Clock [MHz],3790.7524,
CPI,0.2276,
DP MFLOP/s,3109.2862,
AVX DP MFLOP/s,0,
Packed MUOPS/s,0,
Scalar MUOPS/s,3109.2862,
Vectorization ratio,0,
STRUCT,Info,3
CPU name:,Intel(R) Core(TM) i5-7500 CPU @ 3.40GHz,
CPU type:,Intel Coffeelake processor,
CPU clock:,3.408033612 GHz,
TABLE,Region op2,Group 1 Raw,FLOPS_DP,6
Region Info,Core 3,
RDTSC Runtime [s],0.000192,
call count,1,
Event,Counter,Core 3
INSTR_RETIRED_ANY,FIXC0,2967957
CPU_CLK_UNHALTED_CORE,FIXC1,737912
CPU_CLK_UNHALTED_REF,FIXC2,663850
FP_ARITH_INST_RETIRED_128B_PACKED_DOUBLE,PMC0,0
FP_ARITH_INST_RETIRED_SCALAR_DOUBLE,PMC1,525323
FP_ARITH_INST_RETIRED_256B_PACKED_DOUBLE,PMC2,0
TABLE,Region op2,Group 1 Metric,FLOPS_DP,9
Metric,Core 3,
Runtime (RDTSC) [s],0.0002,
Runtime unhalted [s],0.0002,
Clock [MHz],3788.2487,
CPI,0.2486,
DP MFLOP/s,2730.7253,
AVX DP MFLOP/s,0,
Packed MUOPS/s,0,
Scalar MUOPS/s,2730.7253,
Vectorization ratio,0,
