--------------------------------------------------------------------------------
CPU name:	Intel(R) Core(TM) i5-7500 CPU @ 3.40GHz
CPU type:	Intel Coffeelake processor
CPU clock:	3.41 GHz
--------------------------------------------------------------------------------
Algoritmo executado com J (A:SEM, J:JACOBI) e resultados gravados no arquivo _bench/out64FLOPS_AVX 
--------------------------------------------------------------------------------
STRUCT,Info,3
CPU name:,Intel(R) Core(TM) i5-7500 CPU @ 3.40GHz,
CPU type:,Intel Coffeelake processor,
CPU clock:,3.408032873 GHz,
TABLE,Region op1,Group 1 Raw,FLOPS_AVX,5
Region Info,Core 3,
RDTSC Runtime [s],0.000518,
call count,1,
Event,Counter,Core 3
INSTR_RETIRED_ANY,FIXC0,7652427
CPU_CLK_UNHALTED_CORE,FIXC1,1975964
CPU_CLK_UNHALTED_REF,FIXC2,1775994
FP_ARITH_INST_RETIRED_256B_PACKED_SINGLE,PMC0,0
FP_ARITH_INST_RETIRED_256B_PACKED_DOUBLE,PMC1,0
TABLE,Region op1,Group 1 Metric,FLOPS_AVX,6
Metric,Core 3,
Runtime (RDTSC) [s],0.0005,
Runtime unhalted [s],0.0006,
Clock [MHz],3791.7641,
CPI,0.2582,
Packed SP MFLOP/s,0,
Packed DP MFLOP/s,0,
STRUCT,Info,3
CPU name:,Intel(R) Core(TM) i5-7500 CPU @ 3.40GHz,
CPU type:,Intel Coffeelake processor,
CPU clock:,3.408032873 GHz,
TABLE,Region op2,Group 1 Raw,FLOPS_AVX,5
Region Info,Core 3,
RDTSC Runtime [s],0.000004,
call count,1,
Event,Counter,Core 3
INSTR_RETIRED_ANY,FIXC0,51558
CPU_CLK_UNHALTED_CORE,FIXC1,26921
CPU_CLK_UNHALTED_REF,FIXC2,24282
FP_ARITH_INST_RETIRED_256B_PACKED_SINGLE,PMC0,0
FP_ARITH_INST_RETIRED_256B_PACKED_DOUBLE,PMC1,0
TABLE,Region op2,Group 1 Metric,FLOPS_AVX,6
Metric,Core 3,
Runtime (RDTSC) [s],4.491743e-06,
Runtime unhalted [s],7.899278e-06,
Clock [MHz],3778.4224,
CPI,0.5221,
Packed SP MFLOP/s,0,
Packed DP MFLOP/s,0,
