--------------------------------------------------------------------------------
CPU name:	Intel(R) Core(TM) i5-7500 CPU @ 3.40GHz
CPU type:	Intel Coffeelake processor
CPU clock:	3.41 GHz
--------------------------------------------------------------------------------
Algoritmo executado com J (A:SEM, J:JACOBI) e resultados gravados no arquivo _bench/out64FLOPS_DP 
--------------------------------------------------------------------------------
STRUCT,Info,3
CPU name:,Intel(R) Core(TM) i5-7500 CPU @ 3.40GHz,
CPU type:,Intel Coffeelake processor,
CPU clock:,3.408000043 GHz,
TABLE,Region op1,Group 1 Raw,FLOPS_DP,6
Region Info,Core 3,
RDTSC Runtime [s],0.000528,
call count,1,
Event,Counter,Core 3
INSTR_RETIRED_ANY,FIXC0,7652517
CPU_CLK_UNHALTED_CORE,FIXC1,2013265
CPU_CLK_UNHALTED_REF,FIXC2,1809506
FP_ARITH_INST_RETIRED_128B_PACKED_DOUBLE,PMC0,0
FP_ARITH_INST_RETIRED_SCALAR_DOUBLE,PMC1,1353718
FP_ARITH_INST_RETIRED_256B_PACKED_DOUBLE,PMC2,0
TABLE,Region op1,Group 1 Metric,FLOPS_DP,9
Metric,Core 3,
Runtime (RDTSC) [s],0.0005,
Runtime unhalted [s],0.0006,
Clock [MHz],3791.7571,
CPI,0.2631,
DP MFLOP/s,2564.5214,
AVX DP MFLOP/s,0,
Packed MUOPS/s,0,
Scalar MUOPS/s,2564.5214,
Vectorization ratio,0,
STRUCT,Info,3
CPU name:,Intel(R) Core(TM) i5-7500 CPU @ 3.40GHz,
CPU type:,Intel Coffeelake processor,
CPU clock:,3.408000043 GHz,
TABLE,Region op2,Group 1 Raw,FLOPS_DP,6
Region Info,Core 3,
RDTSC Runtime [s],0.000022,
call count,1,
Event,Counter,Core 3
INSTR_RETIRED_ANY,FIXC0,51644
CPU_CLK_UNHALTED_CORE,FIXC1,32643
CPU_CLK_UNHALTED_REF,FIXC2,30104
FP_ARITH_INST_RETIRED_128B_PACKED_DOUBLE,PMC0,0
FP_ARITH_INST_RETIRED_SCALAR_DOUBLE,PMC1,8331
FP_ARITH_INST_RETIRED_256B_PACKED_DOUBLE,PMC2,0
TABLE,Region op2,Group 1 Metric,FLOPS_DP,9
Metric,Core 3,
Runtime (RDTSC) [s],2.218050e-05,
Runtime unhalted [s],9.578345e-06,
Clock [MHz],3695.4340,
CPI,0.6321,
DP MFLOP/s,375.6002,
AVX DP MFLOP/s,0,
Packed MUOPS/s,0,
Scalar MUOPS/s,375.6002,
Vectorization ratio,0,
