--------------------------------------------------------------------------------
CPU name:	Intel(R) Core(TM) i5-7500 CPU @ 3.40GHz
CPU type:	Intel Coffeelake processor
CPU clock:	3.41 GHz
--------------------------------------------------------------------------------
Algoritmo executado com J (A:SEM, J:JACOBI) e resultados gravados no arquivo _bench/out8000FLOPS_AVX 
--------------------------------------------------------------------------------
STRUCT,Info,3
CPU name:,Intel(R) Core(TM) i5-7500 CPU @ 3.40GHz,
CPU type:,Intel Coffeelake processor,
CPU clock:,3.406872068 GHz,
TABLE,Region op1,Group 1 Raw,FLOPS_AVX,5
Region Info,Core 3,
RDTSC Runtime [s],6.007800,
call count,1,
Event,Counter,Core 3
INSTR_RETIRED_ANY,FIXC0,101491800000
CPU_CLK_UNHALTED_CORE,FIXC1,22603540000
CPU_CLK_UNHALTED_REF,FIXC2,20324350000
FP_ARITH_INST_RETIRED_256B_PACKED_SINGLE,PMC0,0
FP_ARITH_INST_RETIRED_256B_PACKED_DOUBLE,PMC1,0
TABLE,Region op1,Group 1 Metric,FLOPS_AVX,6
Metric,Core 3,
Runtime (RDTSC) [s],6.0078,
Runtime unhalted [s],6.6347,
Clock [MHz],3788.9216,
CPI,0.2227,
Packed SP MFLOP/s,0,
Packed DP MFLOP/s,0,
STRUCT,Info,3
CPU name:,Intel(R) Core(TM) i5-7500 CPU @ 3.40GHz,
CPU type:,Intel Coffeelake processor,
CPU clock:,3.406872068 GHz,
TABLE,Region op2,Group 1 Raw,FLOPS_AVX,5
Region Info,Core 3,
RDTSC Runtime [s],0.046365,
call count,1,
Event,Counter,Core 3
INSTR_RETIRED_ANY,FIXC0,720241500
CPU_CLK_UNHALTED_CORE,FIXC1,174489600
CPU_CLK_UNHALTED_REF,FIXC2,156872100
FP_ARITH_INST_RETIRED_256B_PACKED_SINGLE,PMC0,0
FP_ARITH_INST_RETIRED_256B_PACKED_DOUBLE,PMC1,0
TABLE,Region op2,Group 1 Metric,FLOPS_AVX,6
Metric,Core 3,
Runtime (RDTSC) [s],0.0464,
Runtime unhalted [s],0.0512,
Clock [MHz],3789.4804,
CPI,0.2423,
Packed SP MFLOP/s,0,
Packed DP MFLOP/s,0,
